2022-04-18 10:50:36,219 [restartedMain] ERROR org.springframework.boot.context.logging.LoggingApplicationListener(lambda$getLogLevelConfigurer$2:396) - Cannot set level 'INFO' for 'null'
2022-04-18 10:50:36,374 [restartedMain] INFO  org.springframework.boot.devtools.env.DevToolsPropertyDefaultsPostProcessor(logTo:255) - Devtools property defaults active! Set 'spring.devtools.add-properties' to 'false' to disable
2022-04-18 10:50:36,375 [restartedMain] INFO  org.springframework.boot.devtools.env.DevToolsPropertyDefaultsPostProcessor(logTo:255) - For additional web related logging consider setting the 'logging.level.web' property to 'DEBUG'
2022-04-18 10:50:37,319 [restartedMain] INFO  org.springframework.data.repository.config.RepositoryConfigurationDelegate(multipleStoresDetected:262) - Multiple Spring Data modules found, entering strict repository configuration mode!
2022-04-18 10:50:37,327 [restartedMain] INFO  org.springframework.data.repository.config.RepositoryConfigurationDelegate(registerRepositoriesIn:132) - Bootstrapping Spring Data JPA repositories in DEFAULT mode.
2022-04-18 10:50:37,404 [restartedMain] INFO  org.springframework.data.repository.config.RepositoryConfigurationDelegate(registerRepositoriesIn:201) - Finished Spring Data repository scanning in 64 ms. Found 2 JPA repository interfaces.
2022-04-18 10:50:37,439 [restartedMain] INFO  org.springframework.data.repository.config.RepositoryConfigurationDelegate(multipleStoresDetected:262) - Multiple Spring Data modules found, entering strict repository configuration mode!
2022-04-18 10:50:37,440 [restartedMain] INFO  org.springframework.data.repository.config.RepositoryConfigurationDelegate(registerRepositoriesIn:132) - Bootstrapping Spring Data MongoDB repositories in DEFAULT mode.
2022-04-18 10:50:37,448 [restartedMain] INFO  org.springframework.data.repository.config.RepositoryConfigurationExtensionSupport(isStrictRepositoryCandidate:349) - Spring Data MongoDB - Could not safely identify store assignment for repository candidate interface com.example.back.repository.DairyRepository. If you want this repository to be a MongoDB repository, consider annotating your entities with one of these annotations: org.springframework.data.mongodb.core.mapping.Document (preferred), or consider extending one of the following types with your repository: org.springframework.data.mongodb.repository.MongoRepository.
2022-04-18 10:50:37,449 [restartedMain] INFO  org.springframework.data.repository.config.RepositoryConfigurationExtensionSupport(isStrictRepositoryCandidate:349) - Spring Data MongoDB - Could not safely identify store assignment for repository candidate interface com.example.back.repository.UserRepository. If you want this repository to be a MongoDB repository, consider annotating your entities with one of these annotations: org.springframework.data.mongodb.core.mapping.Document (preferred), or consider extending one of the following types with your repository: org.springframework.data.mongodb.repository.MongoRepository.
2022-04-18 10:50:37,450 [restartedMain] INFO  org.springframework.data.repository.config.RepositoryConfigurationDelegate(registerRepositoriesIn:201) - Finished Spring Data repository scanning in 9 ms. Found 0 MongoDB repository interfaces.
2022-04-18 10:50:38,179 [restartedMain] INFO  org.springframework.boot.web.embedded.tomcat.TomcatWebServer(initialize:108) - Tomcat initialized with port(s): 8080 (http)
2022-04-18 10:50:38,327 [restartedMain] INFO  org.springframework.boot.web.servlet.context.ServletWebServerApplicationContext(prepareWebApplicationContext:290) - Root WebApplicationContext: initialization completed in 1951 ms
2022-04-18 10:50:39,490 [restartedMain] INFO  org.springframework.orm.jpa.LocalContainerEntityManagerFactoryBean(buildNativeEntityManagerFactory:437) - Initialized JPA EntityManagerFactory for persistence unit 'default'
2022-04-18 10:50:39,526 [restartedMain] WARN  org.springframework.boot.autoconfigure.orm.jpa.JpaBaseConfiguration$JpaWebConfiguration(openEntityManagerInViewInterceptor:219) - spring.jpa.open-in-view is enabled by default. Therefore, database queries may be performed during view rendering. Explicitly configure spring.jpa.open-in-view to disable this warning
2022-04-18 10:50:39,805 [restartedMain] WARN  org.springframework.boot.autoconfigure.security.servlet.UserDetailsServiceAutoConfiguration(getOrDeducePassword:87) - 

Using generated security password: ca1b7a67-6b94-4eca-b68f-5d18c2c0395e

This generated password is for development use only. Your security configuration must be updated before running your application in production.

2022-04-18 10:50:39,856 [restartedMain] INFO  org.springframework.security.web.DefaultSecurityFilterChain(<init>:52) - Will not secure any request
2022-04-18 10:50:40,289 [restartedMain] INFO  org.springframework.boot.devtools.autoconfigure.OptionalLiveReloadServer(startServer:58) - LiveReload server is running on port 35729
2022-04-18 10:50:40,315 [restartedMain] INFO  org.springframework.boot.web.embedded.tomcat.TomcatWebServer(start:220) - Tomcat started on port(s): 8080 (http) with context path ''
2022-04-18 10:54:16,474 [SpringApplicationShutdownHook] INFO  org.springframework.orm.jpa.LocalContainerEntityManagerFactoryBean(destroy:651) - Closing JPA EntityManagerFactory for persistence unit 'default'
2022-04-18 10:54:21,027 [restartedMain] ERROR org.springframework.boot.context.logging.LoggingApplicationListener(lambda$getLogLevelConfigurer$2:396) - Cannot set level 'INFO' for 'null'
2022-04-18 10:54:21,143 [restartedMain] INFO  org.springframework.boot.devtools.env.DevToolsPropertyDefaultsPostProcessor(logTo:255) - Devtools property defaults active! Set 'spring.devtools.add-properties' to 'false' to disable
2022-04-18 10:54:21,143 [restartedMain] INFO  org.springframework.boot.devtools.env.DevToolsPropertyDefaultsPostProcessor(logTo:255) - For additional web related logging consider setting the 'logging.level.web' property to 'DEBUG'
2022-04-18 10:54:21,944 [restartedMain] INFO  org.springframework.data.repository.config.RepositoryConfigurationDelegate(multipleStoresDetected:262) - Multiple Spring Data modules found, entering strict repository configuration mode!
2022-04-18 10:54:21,945 [restartedMain] INFO  org.springframework.data.repository.config.RepositoryConfigurationDelegate(registerRepositoriesIn:132) - Bootstrapping Spring Data JPA repositories in DEFAULT mode.
2022-04-18 10:54:22,015 [restartedMain] INFO  org.springframework.data.repository.config.RepositoryConfigurationDelegate(registerRepositoriesIn:201) - Finished Spring Data repository scanning in 59 ms. Found 2 JPA repository interfaces.
2022-04-18 10:54:22,044 [restartedMain] INFO  org.springframework.data.repository.config.RepositoryConfigurationDelegate(multipleStoresDetected:262) - Multiple Spring Data modules found, entering strict repository configuration mode!
2022-04-18 10:54:22,045 [restartedMain] INFO  org.springframework.data.repository.config.RepositoryConfigurationDelegate(registerRepositoriesIn:132) - Bootstrapping Spring Data MongoDB repositories in DEFAULT mode.
2022-04-18 10:54:22,053 [restartedMain] INFO  org.springframework.data.repository.config.RepositoryConfigurationExtensionSupport(isStrictRepositoryCandidate:349) - Spring Data MongoDB - Could not safely identify store assignment for repository candidate interface com.example.back.repository.DairyRepository. If you want this repository to be a MongoDB repository, consider annotating your entities with one of these annotations: org.springframework.data.mongodb.core.mapping.Document (preferred), or consider extending one of the following types with your repository: org.springframework.data.mongodb.repository.MongoRepository.
2022-04-18 10:54:22,054 [restartedMain] INFO  org.springframework.data.repository.config.RepositoryConfigurationExtensionSupport(isStrictRepositoryCandidate:349) - Spring Data MongoDB - Could not safely identify store assignment for repository candidate interface com.example.back.repository.UserRepository. If you want this repository to be a MongoDB repository, consider annotating your entities with one of these annotations: org.springframework.data.mongodb.core.mapping.Document (preferred), or consider extending one of the following types with your repository: org.springframework.data.mongodb.repository.MongoRepository.
2022-04-18 10:54:22,054 [restartedMain] INFO  org.springframework.data.repository.config.RepositoryConfigurationDelegate(registerRepositoriesIn:201) - Finished Spring Data repository scanning in 9 ms. Found 0 MongoDB repository interfaces.
2022-04-18 10:54:22,749 [restartedMain] INFO  org.springframework.boot.web.embedded.tomcat.TomcatWebServer(initialize:108) - Tomcat initialized with port(s): 8080 (http)
2022-04-18 10:54:22,865 [restartedMain] INFO  org.springframework.boot.web.servlet.context.ServletWebServerApplicationContext(prepareWebApplicationContext:290) - Root WebApplicationContext: initialization completed in 1721 ms
2022-04-18 10:54:23,847 [restartedMain] INFO  org.springframework.orm.jpa.LocalContainerEntityManagerFactoryBean(buildNativeEntityManagerFactory:437) - Initialized JPA EntityManagerFactory for persistence unit 'default'
2022-04-18 10:54:23,879 [restartedMain] WARN  org.springframework.boot.autoconfigure.orm.jpa.JpaBaseConfiguration$JpaWebConfiguration(openEntityManagerInViewInterceptor:219) - spring.jpa.open-in-view is enabled by default. Therefore, database queries may be performed during view rendering. Explicitly configure spring.jpa.open-in-view to disable this warning
2022-04-18 10:54:24,157 [restartedMain] WARN  org.springframework.boot.autoconfigure.security.servlet.UserDetailsServiceAutoConfiguration(getOrDeducePassword:87) - 

Using generated security password: c2054ff4-00f2-4e75-9ddc-9b94f8114b4b

This generated password is for development use only. Your security configuration must be updated before running your application in production.

2022-04-18 10:54:24,202 [restartedMain] INFO  org.springframework.security.web.DefaultSecurityFilterChain(<init>:52) - Will not secure any request
2022-04-18 10:54:24,591 [restartedMain] INFO  org.springframework.boot.devtools.autoconfigure.OptionalLiveReloadServer(startServer:58) - LiveReload server is running on port 35729
2022-04-18 10:54:24,615 [restartedMain] INFO  org.springframework.boot.web.embedded.tomcat.TomcatWebServer(start:220) - Tomcat started on port(s): 8080 (http) with context path ''
2022-04-18 10:55:20,738 [SpringApplicationShutdownHook] INFO  org.springframework.orm.jpa.LocalContainerEntityManagerFactoryBean(destroy:651) - Closing JPA EntityManagerFactory for persistence unit 'default'
ERROR 2022-04-18 10:55:23,580 [restartedMain]  org.springframework.boot.context.logging.LoggingApplicationListener(lambda$getLogLevelConfigurer$2:396) - Cannot set level 'INFO' for 'null'
INFO  2022-04-18 10:55:23,652 [restartedMain]  org.springframework.boot.devtools.env.DevToolsPropertyDefaultsPostProcessor(logTo:255) - Devtools property defaults active! Set 'spring.devtools.add-properties' to 'false' to disable
INFO  2022-04-18 10:55:23,652 [restartedMain]  org.springframework.boot.devtools.env.DevToolsPropertyDefaultsPostProcessor(logTo:255) - For additional web related logging consider setting the 'logging.level.web' property to 'DEBUG'
INFO  2022-04-18 10:55:24,121 [restartedMain]  org.springframework.data.repository.config.RepositoryConfigurationDelegate(multipleStoresDetected:262) - Multiple Spring Data modules found, entering strict repository configuration mode!
INFO  2022-04-18 10:55:24,121 [restartedMain]  org.springframework.data.repository.config.RepositoryConfigurationDelegate(registerRepositoriesIn:132) - Bootstrapping Spring Data JPA repositories in DEFAULT mode.
INFO  2022-04-18 10:55:24,159 [restartedMain]  org.springframework.data.repository.config.RepositoryConfigurationDelegate(registerRepositoriesIn:201) - Finished Spring Data repository scanning in 32 ms. Found 2 JPA repository interfaces.
INFO  2022-04-18 10:55:24,175 [restartedMain]  org.springframework.data.repository.config.RepositoryConfigurationDelegate(multipleStoresDetected:262) - Multiple Spring Data modules found, entering strict repository configuration mode!
INFO  2022-04-18 10:55:24,176 [restartedMain]  org.springframework.data.repository.config.RepositoryConfigurationDelegate(registerRepositoriesIn:132) - Bootstrapping Spring Data MongoDB repositories in DEFAULT mode.
INFO  2022-04-18 10:55:24,180 [restartedMain]  org.springframework.data.repository.config.RepositoryConfigurationExtensionSupport(isStrictRepositoryCandidate:349) - Spring Data MongoDB - Could not safely identify store assignment for repository candidate interface com.example.back.repository.DairyRepository. If you want this repository to be a MongoDB repository, consider annotating your entities with one of these annotations: org.springframework.data.mongodb.core.mapping.Document (preferred), or consider extending one of the following types with your repository: org.springframework.data.mongodb.repository.MongoRepository.
INFO  2022-04-18 10:55:24,181 [restartedMain]  org.springframework.data.repository.config.RepositoryConfigurationExtensionSupport(isStrictRepositoryCandidate:349) - Spring Data MongoDB - Could not safely identify store assignment for repository candidate interface com.example.back.repository.UserRepository. If you want this repository to be a MongoDB repository, consider annotating your entities with one of these annotations: org.springframework.data.mongodb.core.mapping.Document (preferred), or consider extending one of the following types with your repository: org.springframework.data.mongodb.repository.MongoRepository.
INFO  2022-04-18 10:55:24,181 [restartedMain]  org.springframework.data.repository.config.RepositoryConfigurationDelegate(registerRepositoriesIn:201) - Finished Spring Data repository scanning in 5 ms. Found 0 MongoDB repository interfaces.
INFO  2022-04-18 10:55:24,581 [restartedMain]  org.springframework.boot.web.embedded.tomcat.TomcatWebServer(initialize:108) - Tomcat initialized with port(s): 8080 (http)
INFO  2022-04-18 10:55:24,649 [restartedMain]  org.springframework.boot.web.servlet.context.ServletWebServerApplicationContext(prepareWebApplicationContext:290) - Root WebApplicationContext: initialization completed in 995 ms
INFO  2022-04-18 10:55:25,522 [restartedMain]  org.springframework.orm.jpa.LocalContainerEntityManagerFactoryBean(buildNativeEntityManagerFactory:437) - Initialized JPA EntityManagerFactory for persistence unit 'default'
WARN  2022-04-18 10:55:25,555 [restartedMain]  org.springframework.boot.autoconfigure.orm.jpa.JpaBaseConfiguration$JpaWebConfiguration(openEntityManagerInViewInterceptor:219) - spring.jpa.open-in-view is enabled by default. Therefore, database queries may be performed during view rendering. Explicitly configure spring.jpa.open-in-view to disable this warning
WARN  2022-04-18 10:55:25,806 [restartedMain]  org.springframework.boot.autoconfigure.security.servlet.UserDetailsServiceAutoConfiguration(getOrDeducePassword:87) - 

Using generated security password: 25714657-cd55-4ffa-bc0a-ffb13a37e7d7

This generated password is for development use only. Your security configuration must be updated before running your application in production.

INFO  2022-04-18 10:55:25,849 [restartedMain]  org.springframework.security.web.DefaultSecurityFilterChain(<init>:52) - Will not secure any request
INFO  2022-04-18 10:55:26,239 [restartedMain]  org.springframework.boot.devtools.autoconfigure.OptionalLiveReloadServer(startServer:58) - LiveReload server is running on port 35729
INFO  2022-04-18 10:55:26,267 [restartedMain]  org.springframework.boot.web.embedded.tomcat.TomcatWebServer(start:220) - Tomcat started on port(s): 8080 (http) with context path ''
INFO  2022-04-18 10:56:32,804 [SpringApplicationShutdownHook]  org.springframework.orm.jpa.LocalContainerEntityManagerFactoryBean(destroy:651) - Closing JPA EntityManagerFactory for persistence unit 'default'
ERROR 2022-04-18 10:56:35,604 [restartedMain]  org.springframework.boot.context.logging.LoggingApplicationListener(lambda$getLogLevelConfigurer$2:396) - Cannot set level 'INFO' for 'null'
INFO  2022-04-18 10:56:35,680 [restartedMain]  org.springframework.boot.devtools.env.DevToolsPropertyDefaultsPostProcessor(logTo:255) - Devtools property defaults active! Set 'spring.devtools.add-properties' to 'false' to disable
INFO  2022-04-18 10:56:35,681 [restartedMain]  org.springframework.boot.devtools.env.DevToolsPropertyDefaultsPostProcessor(logTo:255) - For additional web related logging consider setting the 'logging.level.web' property to 'DEBUG'
INFO  2022-04-18 10:56:36,172 [restartedMain]  org.springframework.data.repository.config.RepositoryConfigurationDelegate(multipleStoresDetected:262) - Multiple Spring Data modules found, entering strict repository configuration mode!
INFO  2022-04-18 10:56:36,172 [restartedMain]  org.springframework.data.repository.config.RepositoryConfigurationDelegate(registerRepositoriesIn:132) - Bootstrapping Spring Data JPA repositories in DEFAULT mode.
INFO  2022-04-18 10:56:36,211 [restartedMain]  org.springframework.data.repository.config.RepositoryConfigurationDelegate(registerRepositoriesIn:201) - Finished Spring Data repository scanning in 33 ms. Found 2 JPA repository interfaces.
INFO  2022-04-18 10:56:36,228 [restartedMain]  org.springframework.data.repository.config.RepositoryConfigurationDelegate(multipleStoresDetected:262) - Multiple Spring Data modules found, entering strict repository configuration mode!
INFO  2022-04-18 10:56:36,228 [restartedMain]  org.springframework.data.repository.config.RepositoryConfigurationDelegate(registerRepositoriesIn:132) - Bootstrapping Spring Data MongoDB repositories in DEFAULT mode.
INFO  2022-04-18 10:56:36,232 [restartedMain]  org.springframework.data.repository.config.RepositoryConfigurationExtensionSupport(isStrictRepositoryCandidate:349) - Spring Data MongoDB - Could not safely identify store assignment for repository candidate interface com.example.back.repository.DairyRepository. If you want this repository to be a MongoDB repository, consider annotating your entities with one of these annotations: org.springframework.data.mongodb.core.mapping.Document (preferred), or consider extending one of the following types with your repository: org.springframework.data.mongodb.repository.MongoRepository.
INFO  2022-04-18 10:56:36,233 [restartedMain]  org.springframework.data.repository.config.RepositoryConfigurationExtensionSupport(isStrictRepositoryCandidate:349) - Spring Data MongoDB - Could not safely identify store assignment for repository candidate interface com.example.back.repository.UserRepository. If you want this repository to be a MongoDB repository, consider annotating your entities with one of these annotations: org.springframework.data.mongodb.core.mapping.Document (preferred), or consider extending one of the following types with your repository: org.springframework.data.mongodb.repository.MongoRepository.
INFO  2022-04-18 10:56:36,233 [restartedMain]  org.springframework.data.repository.config.RepositoryConfigurationDelegate(registerRepositoriesIn:201) - Finished Spring Data repository scanning in 5 ms. Found 0 MongoDB repository interfaces.
INFO  2022-04-18 10:56:36,636 [restartedMain]  org.springframework.boot.web.embedded.tomcat.TomcatWebServer(initialize:108) - Tomcat initialized with port(s): 8080 (http)
INFO  2022-04-18 10:56:36,725 [restartedMain]  org.springframework.boot.web.servlet.context.ServletWebServerApplicationContext(prepareWebApplicationContext:290) - Root WebApplicationContext: initialization completed in 1044 ms
INFO  2022-04-18 10:56:37,610 [restartedMain]  org.springframework.orm.jpa.LocalContainerEntityManagerFactoryBean(buildNativeEntityManagerFactory:437) - Initialized JPA EntityManagerFactory for persistence unit 'default'
WARN  2022-04-18 10:56:37,643 [restartedMain]  org.springframework.boot.autoconfigure.orm.jpa.JpaBaseConfiguration$JpaWebConfiguration(openEntityManagerInViewInterceptor:219) - spring.jpa.open-in-view is enabled by default. Therefore, database queries may be performed during view rendering. Explicitly configure spring.jpa.open-in-view to disable this warning
WARN  2022-04-18 10:56:37,908 [restartedMain]  org.springframework.boot.autoconfigure.security.servlet.UserDetailsServiceAutoConfiguration(getOrDeducePassword:87) - 

Using generated security password: 4b9df2dc-e5bd-42ab-acc3-fce30fcf363d

This generated password is for development use only. Your security configuration must be updated before running your application in production.

INFO  2022-04-18 10:56:37,956 [restartedMain]  org.springframework.security.web.DefaultSecurityFilterChain(<init>:52) - Will not secure any request
INFO  2022-04-18 10:56:38,351 [restartedMain]  org.springframework.boot.devtools.autoconfigure.OptionalLiveReloadServer(startServer:58) - LiveReload server is running on port 35729
INFO  2022-04-18 10:56:38,376 [restartedMain]  org.springframework.boot.web.embedded.tomcat.TomcatWebServer(start:220) - Tomcat started on port(s): 8080 (http) with context path ''
ERROR 2022-04-19 13:57:58,160 [restartedMain]  org.springframework.boot.context.logging.LoggingApplicationListener(lambda$getLogLevelConfigurer$2:396) - Cannot set level 'INFO' for 'null'
INFO  2022-04-19 13:57:58,279 [restartedMain]  org.springframework.boot.devtools.env.DevToolsPropertyDefaultsPostProcessor(logTo:255) - Devtools property defaults active! Set 'spring.devtools.add-properties' to 'false' to disable
INFO  2022-04-19 13:57:58,280 [restartedMain]  org.springframework.boot.devtools.env.DevToolsPropertyDefaultsPostProcessor(logTo:255) - For additional web related logging consider setting the 'logging.level.web' property to 'DEBUG'
INFO  2022-04-19 13:57:59,408 [restartedMain]  org.springframework.data.repository.config.RepositoryConfigurationDelegate(multipleStoresDetected:262) - Multiple Spring Data modules found, entering strict repository configuration mode!
INFO  2022-04-19 13:57:59,409 [restartedMain]  org.springframework.data.repository.config.RepositoryConfigurationDelegate(registerRepositoriesIn:132) - Bootstrapping Spring Data JPA repositories in DEFAULT mode.
INFO  2022-04-19 13:57:59,476 [restartedMain]  org.springframework.data.repository.config.RepositoryConfigurationDelegate(registerRepositoriesIn:201) - Finished Spring Data repository scanning in 57 ms. Found 2 JPA repository interfaces.
INFO  2022-04-19 13:57:59,512 [restartedMain]  org.springframework.data.repository.config.RepositoryConfigurationDelegate(multipleStoresDetected:262) - Multiple Spring Data modules found, entering strict repository configuration mode!
INFO  2022-04-19 13:57:59,513 [restartedMain]  org.springframework.data.repository.config.RepositoryConfigurationDelegate(registerRepositoriesIn:132) - Bootstrapping Spring Data MongoDB repositories in DEFAULT mode.
INFO  2022-04-19 13:57:59,522 [restartedMain]  org.springframework.data.repository.config.RepositoryConfigurationExtensionSupport(isStrictRepositoryCandidate:349) - Spring Data MongoDB - Could not safely identify store assignment for repository candidate interface com.example.back.repository.DairyRepository. If you want this repository to be a MongoDB repository, consider annotating your entities with one of these annotations: org.springframework.data.mongodb.core.mapping.Document (preferred), or consider extending one of the following types with your repository: org.springframework.data.mongodb.repository.MongoRepository.
INFO  2022-04-19 13:57:59,523 [restartedMain]  org.springframework.data.repository.config.RepositoryConfigurationExtensionSupport(isStrictRepositoryCandidate:349) - Spring Data MongoDB - Could not safely identify store assignment for repository candidate interface com.example.back.repository.UserRepository. If you want this repository to be a MongoDB repository, consider annotating your entities with one of these annotations: org.springframework.data.mongodb.core.mapping.Document (preferred), or consider extending one of the following types with your repository: org.springframework.data.mongodb.repository.MongoRepository.
INFO  2022-04-19 13:57:59,523 [restartedMain]  org.springframework.data.repository.config.RepositoryConfigurationDelegate(registerRepositoriesIn:201) - Finished Spring Data repository scanning in 10 ms. Found 0 MongoDB repository interfaces.
INFO  2022-04-19 13:58:00,290 [restartedMain]  org.springframework.boot.web.embedded.tomcat.TomcatWebServer(initialize:108) - Tomcat initialized with port(s): 8080 (http)
INFO  2022-04-19 13:58:00,425 [restartedMain]  org.springframework.boot.web.servlet.context.ServletWebServerApplicationContext(prepareWebApplicationContext:290) - Root WebApplicationContext: initialization completed in 2143 ms
INFO  2022-04-19 13:58:02,130 [restartedMain]  org.springframework.orm.jpa.LocalContainerEntityManagerFactoryBean(buildNativeEntityManagerFactory:437) - Initialized JPA EntityManagerFactory for persistence unit 'default'
WARN  2022-04-19 13:58:02,201 [restartedMain]  org.springframework.boot.autoconfigure.orm.jpa.JpaBaseConfiguration$JpaWebConfiguration(openEntityManagerInViewInterceptor:219) - spring.jpa.open-in-view is enabled by default. Therefore, database queries may be performed during view rendering. Explicitly configure spring.jpa.open-in-view to disable this warning
WARN  2022-04-19 13:58:03,034 [restartedMain]  org.springframework.boot.autoconfigure.security.servlet.UserDetailsServiceAutoConfiguration(getOrDeducePassword:87) - 

Using generated security password: 37acd17b-48fb-4fce-937e-2ce6d6e4f150

This generated password is for development use only. Your security configuration must be updated before running your application in production.

INFO  2022-04-19 13:58:03,114 [restartedMain]  org.springframework.security.web.DefaultSecurityFilterChain(<init>:52) - Will not secure any request
INFO  2022-04-19 13:58:03,307 [restartedMain]  org.springframework.boot.devtools.autoconfigure.OptionalLiveReloadServer(startServer:58) - LiveReload server is running on port 35729
INFO  2022-04-19 13:58:03,859 [restartedMain]  org.springframework.boot.web.embedded.tomcat.TomcatWebServer(start:220) - Tomcat started on port(s): 8080 (http) with context path ''
WARN  2022-04-19 13:58:03,883 [restartedMain]  org.springframework.boot.web.servlet.context.AnnotationConfigServletWebServerApplicationContext(refresh:591) - Exception encountered during context initialization - cancelling refresh attempt: org.springframework.context.ApplicationContextException: Failed to start bean 'documentationPluginsBootstrapper'; nested exception is java.lang.NullPointerException
INFO  2022-04-19 13:58:03,892 [restartedMain]  org.springframework.orm.jpa.LocalContainerEntityManagerFactoryBean(destroy:651) - Closing JPA EntityManagerFactory for persistence unit 'default'
INFO  2022-04-19 13:58:04,857 [restartedMain]  org.springframework.boot.autoconfigure.logging.ConditionEvaluationReportLoggingListener(logMessage:136) - 

Error starting ApplicationContext. To display the conditions report re-run your application with 'debug' enabled.
ERROR 2022-04-19 13:58:04,889 [restartedMain]  org.springframework.boot.SpringApplication(reportFailure:830) - Application run failed
org.springframework.context.ApplicationContextException: Failed to start bean 'documentationPluginsBootstrapper'; nested exception is java.lang.NullPointerException
	at org.springframework.context.support.DefaultLifecycleProcessor.doStart(DefaultLifecycleProcessor.java:181) ~[spring-context-5.3.18.jar:5.3.18]
	at org.springframework.context.support.DefaultLifecycleProcessor.access$200(DefaultLifecycleProcessor.java:54) ~[spring-context-5.3.18.jar:5.3.18]
	at org.springframework.context.support.DefaultLifecycleProcessor$LifecycleGroup.start(DefaultLifecycleProcessor.java:356) ~[spring-context-5.3.18.jar:5.3.18]
	at java.lang.Iterable.forEach(Iterable.java:75) ~[?:?]
	at org.springframework.context.support.DefaultLifecycleProcessor.startBeans(DefaultLifecycleProcessor.java:155) ~[spring-context-5.3.18.jar:5.3.18]
	at org.springframework.context.support.DefaultLifecycleProcessor.onRefresh(DefaultLifecycleProcessor.java:123) ~[spring-context-5.3.18.jar:5.3.18]
	at org.springframework.context.support.AbstractApplicationContext.finishRefresh(AbstractApplicationContext.java:935) ~[spring-context-5.3.18.jar:5.3.18]
	at org.springframework.context.support.AbstractApplicationContext.refresh(AbstractApplicationContext.java:586) ~[spring-context-5.3.18.jar:5.3.18]
	at org.springframework.boot.web.servlet.context.ServletWebServerApplicationContext.refresh(ServletWebServerApplicationContext.java:145) ~[spring-boot-2.6.6.jar:2.6.6]
	at org.springframework.boot.SpringApplication.refresh(SpringApplication.java:740) ~[spring-boot-2.6.6.jar:2.6.6]
	at org.springframework.boot.SpringApplication.refreshContext(SpringApplication.java:415) ~[spring-boot-2.6.6.jar:2.6.6]
	at org.springframework.boot.SpringApplication.run(SpringApplication.java:303) ~[spring-boot-2.6.6.jar:2.6.6]
	at org.springframework.boot.SpringApplication.run(SpringApplication.java:1312) ~[spring-boot-2.6.6.jar:2.6.6]
	at org.springframework.boot.SpringApplication.run(SpringApplication.java:1301) ~[spring-boot-2.6.6.jar:2.6.6]
	at com.example.back.BackApplication.main(BackApplication.java:10) ~[main/:?]
	at jdk.internal.reflect.NativeMethodAccessorImpl.invoke0(Native Method) ~[?:?]
	at jdk.internal.reflect.NativeMethodAccessorImpl.invoke(NativeMethodAccessorImpl.java:62) ~[?:?]
	at jdk.internal.reflect.DelegatingMethodAccessorImpl.invoke(DelegatingMethodAccessorImpl.java:43) ~[?:?]
	at java.lang.reflect.Method.invoke(Method.java:566) ~[?:?]
	at org.springframework.boot.devtools.restart.RestartLauncher.run(RestartLauncher.java:49) ~[spring-boot-devtools-2.6.6.jar:2.6.6]
Caused by: java.lang.NullPointerException
	at springfox.documentation.spi.service.contexts.Orderings$8.compare(Orderings.java:112) ~[springfox-spi-2.9.2.jar:null]
	at springfox.documentation.spi.service.contexts.Orderings$8.compare(Orderings.java:109) ~[springfox-spi-2.9.2.jar:null]
	at com.google.common.collect.ComparatorOrdering.compare(ComparatorOrdering.java:37) ~[guava-20.0.jar:?]
	at java.util.TimSort.countRunAndMakeAscending(TimSort.java:355) ~[?:?]
	at java.util.TimSort.sort(TimSort.java:220) ~[?:?]
	at java.util.Arrays.sort(Arrays.java:1441) ~[?:?]
	at com.google.common.collect.Ordering.sortedCopy(Ordering.java:855) ~[guava-20.0.jar:?]
	at springfox.documentation.spring.web.plugins.WebMvcRequestHandlerProvider.requestHandlers(WebMvcRequestHandlerProvider.java:57) ~[springfox-spring-web-2.9.2.jar:null]
	at springfox.documentation.spring.web.plugins.DocumentationPluginsBootstrapper$2.apply(DocumentationPluginsBootstrapper.java:138) ~[springfox-spring-web-2.9.2.jar:null]
	at springfox.documentation.spring.web.plugins.DocumentationPluginsBootstrapper$2.apply(DocumentationPluginsBootstrapper.java:135) ~[springfox-spring-web-2.9.2.jar:null]
	at com.google.common.collect.Iterators$7.transform(Iterators.java:750) ~[guava-20.0.jar:?]
	at com.google.common.collect.TransformedIterator.next(TransformedIterator.java:47) ~[guava-20.0.jar:?]
	at com.google.common.collect.TransformedIterator.next(TransformedIterator.java:47) ~[guava-20.0.jar:?]
	at com.google.common.collect.MultitransformedIterator.hasNext(MultitransformedIterator.java:52) ~[guava-20.0.jar:?]
	at com.google.common.collect.MultitransformedIterator.hasNext(MultitransformedIterator.java:50) ~[guava-20.0.jar:?]
	at com.google.common.collect.ImmutableList.copyOf(ImmutableList.java:249) ~[guava-20.0.jar:?]
	at com.google.common.collect.ImmutableList.copyOf(ImmutableList.java:209) ~[guava-20.0.jar:?]
	at com.google.common.collect.FluentIterable.toList(FluentIterable.java:614) ~[guava-20.0.jar:?]
	at springfox.documentation.spring.web.plugins.DocumentationPluginsBootstrapper.defaultContextBuilder(DocumentationPluginsBootstrapper.java:111) ~[springfox-spring-web-2.9.2.jar:null]
	at springfox.documentation.spring.web.plugins.DocumentationPluginsBootstrapper.buildContext(DocumentationPluginsBootstrapper.java:96) ~[springfox-spring-web-2.9.2.jar:null]
	at springfox.documentation.spring.web.plugins.DocumentationPluginsBootstrapper.start(DocumentationPluginsBootstrapper.java:167) ~[springfox-spring-web-2.9.2.jar:null]
	at org.springframework.context.support.DefaultLifecycleProcessor.doStart(DefaultLifecycleProcessor.java:178) ~[spring-context-5.3.18.jar:5.3.18]
	... 19 more
