INFO  2022-04-19 14:08:05,234 [SpringApplicationShutdownHook]  org.springframework.orm.jpa.LocalContainerEntityManagerFactoryBean(destroy:651) - Closing JPA EntityManagerFactory for persistence unit 'default'
ERROR 2022-04-19 14:08:13,440 [restartedMain]  org.springframework.boot.context.logging.LoggingApplicationListener(lambda$getLogLevelConfigurer$2:396) - Cannot set level 'INFO' for 'null'
INFO  2022-04-19 14:08:13,511 [restartedMain]  org.springframework.boot.devtools.env.DevToolsPropertyDefaultsPostProcessor(logTo:255) - Devtools property defaults active! Set 'spring.devtools.add-properties' to 'false' to disable
INFO  2022-04-19 14:08:13,540 [restartedMain]  org.springframework.boot.devtools.env.DevToolsPropertyDefaultsPostProcessor(logTo:255) - For additional web related logging consider setting the 'logging.level.web' property to 'DEBUG'
INFO  2022-04-19 14:08:14,005 [restartedMain]  org.springframework.data.repository.config.RepositoryConfigurationDelegate(multipleStoresDetected:262) - Multiple Spring Data modules found, entering strict repository configuration mode!
INFO  2022-04-19 14:08:14,005 [restartedMain]  org.springframework.data.repository.config.RepositoryConfigurationDelegate(registerRepositoriesIn:132) - Bootstrapping Spring Data JPA repositories in DEFAULT mode.
INFO  2022-04-19 14:08:14,043 [restartedMain]  org.springframework.data.repository.config.RepositoryConfigurationDelegate(registerRepositoriesIn:201) - Finished Spring Data repository scanning in 32 ms. Found 2 JPA repository interfaces.
INFO  2022-04-19 14:08:14,058 [restartedMain]  org.springframework.data.repository.config.RepositoryConfigurationDelegate(multipleStoresDetected:262) - Multiple Spring Data modules found, entering strict repository configuration mode!
INFO  2022-04-19 14:08:14,058 [restartedMain]  org.springframework.data.repository.config.RepositoryConfigurationDelegate(registerRepositoriesIn:132) - Bootstrapping Spring Data MongoDB repositories in DEFAULT mode.
INFO  2022-04-19 14:08:14,063 [restartedMain]  org.springframework.data.repository.config.RepositoryConfigurationExtensionSupport(isStrictRepositoryCandidate:349) - Spring Data MongoDB - Could not safely identify store assignment for repository candidate interface com.example.back.repository.DiaryRepository. If you want this repository to be a MongoDB repository, consider annotating your entities with one of these annotations: org.springframework.data.mongodb.core.mapping.Document (preferred), or consider extending one of the following types with your repository: org.springframework.data.mongodb.repository.MongoRepository.
INFO  2022-04-19 14:08:14,064 [restartedMain]  org.springframework.data.repository.config.RepositoryConfigurationExtensionSupport(isStrictRepositoryCandidate:349) - Spring Data MongoDB - Could not safely identify store assignment for repository candidate interface com.example.back.repository.UserRepository. If you want this repository to be a MongoDB repository, consider annotating your entities with one of these annotations: org.springframework.data.mongodb.core.mapping.Document (preferred), or consider extending one of the following types with your repository: org.springframework.data.mongodb.repository.MongoRepository.
INFO  2022-04-19 14:08:14,064 [restartedMain]  org.springframework.data.repository.config.RepositoryConfigurationDelegate(registerRepositoriesIn:201) - Finished Spring Data repository scanning in 5 ms. Found 0 MongoDB repository interfaces.
INFO  2022-04-19 14:08:14,469 [restartedMain]  org.springframework.boot.web.embedded.tomcat.TomcatWebServer(initialize:108) - Tomcat initialized with port(s): 8080 (http)
INFO  2022-04-19 14:08:14,542 [restartedMain]  org.springframework.boot.web.servlet.context.ServletWebServerApplicationContext(prepareWebApplicationContext:290) - Root WebApplicationContext: initialization completed in 1002 ms
INFO  2022-04-19 14:08:15,419 [restartedMain]  org.springframework.orm.jpa.LocalContainerEntityManagerFactoryBean(buildNativeEntityManagerFactory:437) - Initialized JPA EntityManagerFactory for persistence unit 'default'
WARN  2022-04-19 14:08:15,454 [restartedMain]  org.springframework.boot.autoconfigure.orm.jpa.JpaBaseConfiguration$JpaWebConfiguration(openEntityManagerInViewInterceptor:219) - spring.jpa.open-in-view is enabled by default. Therefore, database queries may be performed during view rendering. Explicitly configure spring.jpa.open-in-view to disable this warning
INFO  2022-04-19 14:08:15,707 [restartedMain]  org.springframework.boot.autoconfigure.security.servlet.UserDetailsServiceAutoConfiguration(getOrDeducePassword:85) - 

Using generated security password: 5ec2dba8-7097-46df-bbf8-458bc21eea0c

INFO  2022-04-19 14:08:15,747 [restartedMain]  org.springframework.security.web.DefaultSecurityFilterChain(<init>:51) - Will secure any request with [org.springframework.security.web.context.request.async.WebAsyncManagerIntegrationFilter@678f35b2, org.springframework.security.web.context.SecurityContextPersistenceFilter@11d10e72, org.springframework.security.web.header.HeaderWriterFilter@4752e228, org.springframework.security.web.authentication.logout.LogoutFilter@4532c118, org.springframework.security.web.savedrequest.RequestCacheAwareFilter@26ba182d, org.springframework.security.web.servletapi.SecurityContextHolderAwareRequestFilter@229cefb9, org.springframework.security.web.authentication.AnonymousAuthenticationFilter@35566f7b, org.springframework.security.web.session.SessionManagementFilter@6dd81ac7, org.springframework.security.web.access.ExceptionTranslationFilter@6530d012]
WARN  2022-04-19 14:08:15,895 [restartedMain]  org.springframework.boot.autoconfigure.thymeleaf.ThymeleafAutoConfiguration$DefaultTemplateResolverConfiguration(checkTemplateLocationExists:106) - Cannot find template location: classpath:/templates/ (please add some templates or check your Thymeleaf configuration)
INFO  2022-04-19 14:08:16,108 [restartedMain]  org.springframework.boot.devtools.autoconfigure.OptionalLiveReloadServer(startServer:58) - LiveReload server is running on port 35729
INFO  2022-04-19 14:08:16,130 [restartedMain]  org.springframework.boot.web.embedded.tomcat.TomcatWebServer(start:220) - Tomcat started on port(s): 8080 (http) with context path ''
INFO  2022-04-19 14:08:22,017 [http-nio-8080-exec-2]  org.springframework.web.servlet.DispatcherServlet(initServletBean:525) - Initializing Servlet 'dispatcherServlet'
INFO  2022-04-19 14:08:22,018 [http-nio-8080-exec-2]  org.springframework.web.servlet.DispatcherServlet(initServletBean:547) - Completed initialization in 1 ms
WARN  2022-04-19 14:09:34,714 [http-nio-8080-exec-10]  org.springframework.web.servlet.mvc.support.DefaultHandlerExceptionResolver(logException:208) - Resolved [org.springframework.http.converter.HttpMessageNotReadableException: JSON parse error: Unexpected character ('"' (code 34)): was expecting comma to separate Object entries; nested exception is com.fasterxml.jackson.core.JsonParseException: Unexpected character ('"' (code 34)): was expecting comma to separate Object entries<EOL> at [Source: (PushbackInputStream); line: 2, column: 23]]
INFO  2022-04-19 14:31:32,085 [SpringApplicationShutdownHook]  org.springframework.orm.jpa.LocalContainerEntityManagerFactoryBean(destroy:651) - Closing JPA EntityManagerFactory for persistence unit 'default'
