INFO  2022-04-19 11:00:24,985 [SpringApplicationShutdownHook]  org.springframework.orm.jpa.LocalContainerEntityManagerFactoryBean(destroy:651) - Closing JPA EntityManagerFactory for persistence unit 'default'
ERROR 2022-04-19 11:00:27,470 [restartedMain]  org.springframework.boot.context.logging.LoggingApplicationListener(lambda$getLogLevelConfigurer$2:396) - Cannot set level 'INFO' for 'null'
INFO  2022-04-19 11:00:27,551 [restartedMain]  org.springframework.boot.devtools.env.DevToolsPropertyDefaultsPostProcessor(logTo:255) - Devtools property defaults active! Set 'spring.devtools.add-properties' to 'false' to disable
INFO  2022-04-19 11:00:27,552 [restartedMain]  org.springframework.boot.devtools.env.DevToolsPropertyDefaultsPostProcessor(logTo:255) - For additional web related logging consider setting the 'logging.level.web' property to 'DEBUG'
INFO  2022-04-19 11:00:28,010 [restartedMain]  org.springframework.data.repository.config.RepositoryConfigurationDelegate(multipleStoresDetected:262) - Multiple Spring Data modules found, entering strict repository configuration mode!
INFO  2022-04-19 11:00:28,010 [restartedMain]  org.springframework.data.repository.config.RepositoryConfigurationDelegate(registerRepositoriesIn:132) - Bootstrapping Spring Data JPA repositories in DEFAULT mode.
INFO  2022-04-19 11:00:28,047 [restartedMain]  org.springframework.data.repository.config.RepositoryConfigurationDelegate(registerRepositoriesIn:201) - Finished Spring Data repository scanning in 32 ms. Found 2 JPA repository interfaces.
INFO  2022-04-19 11:00:28,065 [restartedMain]  org.springframework.data.repository.config.RepositoryConfigurationDelegate(multipleStoresDetected:262) - Multiple Spring Data modules found, entering strict repository configuration mode!
INFO  2022-04-19 11:00:28,065 [restartedMain]  org.springframework.data.repository.config.RepositoryConfigurationDelegate(registerRepositoriesIn:132) - Bootstrapping Spring Data MongoDB repositories in DEFAULT mode.
INFO  2022-04-19 11:00:28,071 [restartedMain]  org.springframework.data.repository.config.RepositoryConfigurationExtensionSupport(isStrictRepositoryCandidate:349) - Spring Data MongoDB - Could not safely identify store assignment for repository candidate interface com.example.back.repository.DairyRepository. If you want this repository to be a MongoDB repository, consider annotating your entities with one of these annotations: org.springframework.data.mongodb.core.mapping.Document (preferred), or consider extending one of the following types with your repository: org.springframework.data.mongodb.repository.MongoRepository.
INFO  2022-04-19 11:00:28,071 [restartedMain]  org.springframework.data.repository.config.RepositoryConfigurationExtensionSupport(isStrictRepositoryCandidate:349) - Spring Data MongoDB - Could not safely identify store assignment for repository candidate interface com.example.back.repository.UserRepository. If you want this repository to be a MongoDB repository, consider annotating your entities with one of these annotations: org.springframework.data.mongodb.core.mapping.Document (preferred), or consider extending one of the following types with your repository: org.springframework.data.mongodb.repository.MongoRepository.
INFO  2022-04-19 11:00:28,072 [restartedMain]  org.springframework.data.repository.config.RepositoryConfigurationDelegate(registerRepositoriesIn:201) - Finished Spring Data repository scanning in 6 ms. Found 0 MongoDB repository interfaces.
INFO  2022-04-19 11:00:28,472 [restartedMain]  org.springframework.boot.web.embedded.tomcat.TomcatWebServer(initialize:108) - Tomcat initialized with port(s): 8080 (http)
INFO  2022-04-19 11:00:28,542 [restartedMain]  org.springframework.boot.web.servlet.context.ServletWebServerApplicationContext(prepareWebApplicationContext:290) - Root WebApplicationContext: initialization completed in 990 ms
INFO  2022-04-19 11:00:29,378 [restartedMain]  org.springframework.orm.jpa.LocalContainerEntityManagerFactoryBean(buildNativeEntityManagerFactory:437) - Initialized JPA EntityManagerFactory for persistence unit 'default'
WARN  2022-04-19 11:00:29,432 [restartedMain]  org.springframework.boot.autoconfigure.orm.jpa.JpaBaseConfiguration$JpaWebConfiguration(openEntityManagerInViewInterceptor:219) - spring.jpa.open-in-view is enabled by default. Therefore, database queries may be performed during view rendering. Explicitly configure spring.jpa.open-in-view to disable this warning
WARN  2022-04-19 11:00:29,680 [restartedMain]  org.springframework.boot.autoconfigure.security.servlet.UserDetailsServiceAutoConfiguration(getOrDeducePassword:87) - 

Using generated security password: 2f2d93fc-288f-41de-a30e-13918c2d690f

This generated password is for development use only. Your security configuration must be updated before running your application in production.

INFO  2022-04-19 11:00:29,724 [restartedMain]  org.springframework.security.web.DefaultSecurityFilterChain(<init>:52) - Will not secure any request
WARN  2022-04-19 11:00:29,882 [restartedMain]  org.springframework.boot.autoconfigure.thymeleaf.ThymeleafAutoConfiguration$DefaultTemplateResolverConfiguration(checkTemplateLocationExists:104) - Cannot find template location: classpath:/templates/ (please add some templates or check your Thymeleaf configuration)
INFO  2022-04-19 11:00:30,111 [restartedMain]  org.springframework.boot.devtools.autoconfigure.OptionalLiveReloadServer(startServer:58) - LiveReload server is running on port 35729
INFO  2022-04-19 11:00:30,134 [restartedMain]  org.springframework.boot.web.embedded.tomcat.TomcatWebServer(start:220) - Tomcat started on port(s): 8080 (http) with context path ''
INFO  2022-04-19 11:00:31,893 [http-nio-8080-exec-1]  org.springframework.web.servlet.DispatcherServlet(initServletBean:525) - Initializing Servlet 'dispatcherServlet'
INFO  2022-04-19 11:00:31,894 [http-nio-8080-exec-1]  org.springframework.web.servlet.DispatcherServlet(initServletBean:547) - Completed initialization in 1 ms
INFO  2022-04-19 11:09:00,738 [SpringApplicationShutdownHook]  org.springframework.orm.jpa.LocalContainerEntityManagerFactoryBean(destroy:651) - Closing JPA EntityManagerFactory for persistence unit 'default'
ERROR 2022-04-19 11:09:03,864 [restartedMain]  org.springframework.boot.context.logging.LoggingApplicationListener(lambda$getLogLevelConfigurer$2:396) - Cannot set level 'INFO' for 'null'
INFO  2022-04-19 11:09:03,940 [restartedMain]  org.springframework.boot.devtools.env.DevToolsPropertyDefaultsPostProcessor(logTo:255) - Devtools property defaults active! Set 'spring.devtools.add-properties' to 'false' to disable
INFO  2022-04-19 11:09:03,940 [restartedMain]  org.springframework.boot.devtools.env.DevToolsPropertyDefaultsPostProcessor(logTo:255) - For additional web related logging consider setting the 'logging.level.web' property to 'DEBUG'
INFO  2022-04-19 11:09:04,422 [restartedMain]  org.springframework.data.repository.config.RepositoryConfigurationDelegate(multipleStoresDetected:262) - Multiple Spring Data modules found, entering strict repository configuration mode!
INFO  2022-04-19 11:09:04,422 [restartedMain]  org.springframework.data.repository.config.RepositoryConfigurationDelegate(registerRepositoriesIn:132) - Bootstrapping Spring Data JPA repositories in DEFAULT mode.
INFO  2022-04-19 11:09:04,460 [restartedMain]  org.springframework.data.repository.config.RepositoryConfigurationDelegate(registerRepositoriesIn:201) - Finished Spring Data repository scanning in 32 ms. Found 2 JPA repository interfaces.
INFO  2022-04-19 11:09:04,476 [restartedMain]  org.springframework.data.repository.config.RepositoryConfigurationDelegate(multipleStoresDetected:262) - Multiple Spring Data modules found, entering strict repository configuration mode!
INFO  2022-04-19 11:09:04,476 [restartedMain]  org.springframework.data.repository.config.RepositoryConfigurationDelegate(registerRepositoriesIn:132) - Bootstrapping Spring Data MongoDB repositories in DEFAULT mode.
INFO  2022-04-19 11:09:04,482 [restartedMain]  org.springframework.data.repository.config.RepositoryConfigurationExtensionSupport(isStrictRepositoryCandidate:349) - Spring Data MongoDB - Could not safely identify store assignment for repository candidate interface com.example.back.repository.DairyRepository. If you want this repository to be a MongoDB repository, consider annotating your entities with one of these annotations: org.springframework.data.mongodb.core.mapping.Document (preferred), or consider extending one of the following types with your repository: org.springframework.data.mongodb.repository.MongoRepository.
INFO  2022-04-19 11:09:04,483 [restartedMain]  org.springframework.data.repository.config.RepositoryConfigurationExtensionSupport(isStrictRepositoryCandidate:349) - Spring Data MongoDB - Could not safely identify store assignment for repository candidate interface com.example.back.repository.UserRepository. If you want this repository to be a MongoDB repository, consider annotating your entities with one of these annotations: org.springframework.data.mongodb.core.mapping.Document (preferred), or consider extending one of the following types with your repository: org.springframework.data.mongodb.repository.MongoRepository.
INFO  2022-04-19 11:09:04,483 [restartedMain]  org.springframework.data.repository.config.RepositoryConfigurationDelegate(registerRepositoriesIn:201) - Finished Spring Data repository scanning in 6 ms. Found 0 MongoDB repository interfaces.
INFO  2022-04-19 11:09:04,884 [restartedMain]  org.springframework.boot.web.embedded.tomcat.TomcatWebServer(initialize:108) - Tomcat initialized with port(s): 8080 (http)
INFO  2022-04-19 11:09:04,961 [restartedMain]  org.springframework.boot.web.servlet.context.ServletWebServerApplicationContext(prepareWebApplicationContext:290) - Root WebApplicationContext: initialization completed in 1020 ms
INFO  2022-04-19 11:09:05,813 [restartedMain]  org.springframework.orm.jpa.LocalContainerEntityManagerFactoryBean(buildNativeEntityManagerFactory:437) - Initialized JPA EntityManagerFactory for persistence unit 'default'
WARN  2022-04-19 11:09:05,866 [restartedMain]  org.springframework.boot.autoconfigure.orm.jpa.JpaBaseConfiguration$JpaWebConfiguration(openEntityManagerInViewInterceptor:219) - spring.jpa.open-in-view is enabled by default. Therefore, database queries may be performed during view rendering. Explicitly configure spring.jpa.open-in-view to disable this warning
WARN  2022-04-19 11:09:06,103 [restartedMain]  org.springframework.boot.autoconfigure.security.servlet.UserDetailsServiceAutoConfiguration(getOrDeducePassword:87) - 

Using generated security password: 73f4eb4d-486d-4e25-a9bb-63a32c8edabe

This generated password is for development use only. Your security configuration must be updated before running your application in production.

INFO  2022-04-19 11:09:06,146 [restartedMain]  org.springframework.security.web.DefaultSecurityFilterChain(<init>:52) - Will not secure any request
WARN  2022-04-19 11:09:06,303 [restartedMain]  org.springframework.boot.autoconfigure.thymeleaf.ThymeleafAutoConfiguration$DefaultTemplateResolverConfiguration(checkTemplateLocationExists:104) - Cannot find template location: classpath:/templates/ (please add some templates or check your Thymeleaf configuration)
INFO  2022-04-19 11:09:06,532 [restartedMain]  org.springframework.boot.devtools.autoconfigure.OptionalLiveReloadServer(startServer:58) - LiveReload server is running on port 35729
INFO  2022-04-19 11:09:06,559 [restartedMain]  org.springframework.boot.web.embedded.tomcat.TomcatWebServer(start:220) - Tomcat started on port(s): 8080 (http) with context path ''
INFO  2022-04-19 11:09:12,891 [http-nio-8080-exec-1]  org.springframework.web.servlet.DispatcherServlet(initServletBean:525) - Initializing Servlet 'dispatcherServlet'
INFO  2022-04-19 11:09:12,892 [http-nio-8080-exec-1]  org.springframework.web.servlet.DispatcherServlet(initServletBean:547) - Completed initialization in 1 ms
INFO  2022-04-19 11:10:53,182 [SpringApplicationShutdownHook]  org.springframework.orm.jpa.LocalContainerEntityManagerFactoryBean(destroy:651) - Closing JPA EntityManagerFactory for persistence unit 'default'
ERROR 2022-04-19 11:10:56,476 [restartedMain]  org.springframework.boot.context.logging.LoggingApplicationListener(lambda$getLogLevelConfigurer$2:396) - Cannot set level 'INFO' for 'null'
INFO  2022-04-19 11:10:56,552 [restartedMain]  org.springframework.boot.devtools.env.DevToolsPropertyDefaultsPostProcessor(logTo:255) - Devtools property defaults active! Set 'spring.devtools.add-properties' to 'false' to disable
INFO  2022-04-19 11:10:56,552 [restartedMain]  org.springframework.boot.devtools.env.DevToolsPropertyDefaultsPostProcessor(logTo:255) - For additional web related logging consider setting the 'logging.level.web' property to 'DEBUG'
INFO  2022-04-19 11:10:57,051 [restartedMain]  org.springframework.data.repository.config.RepositoryConfigurationDelegate(multipleStoresDetected:262) - Multiple Spring Data modules found, entering strict repository configuration mode!
INFO  2022-04-19 11:10:57,051 [restartedMain]  org.springframework.data.repository.config.RepositoryConfigurationDelegate(registerRepositoriesIn:132) - Bootstrapping Spring Data JPA repositories in DEFAULT mode.
INFO  2022-04-19 11:10:57,087 [restartedMain]  org.springframework.data.repository.config.RepositoryConfigurationDelegate(registerRepositoriesIn:201) - Finished Spring Data repository scanning in 30 ms. Found 2 JPA repository interfaces.
INFO  2022-04-19 11:10:57,104 [restartedMain]  org.springframework.data.repository.config.RepositoryConfigurationDelegate(multipleStoresDetected:262) - Multiple Spring Data modules found, entering strict repository configuration mode!
INFO  2022-04-19 11:10:57,104 [restartedMain]  org.springframework.data.repository.config.RepositoryConfigurationDelegate(registerRepositoriesIn:132) - Bootstrapping Spring Data MongoDB repositories in DEFAULT mode.
INFO  2022-04-19 11:10:57,109 [restartedMain]  org.springframework.data.repository.config.RepositoryConfigurationExtensionSupport(isStrictRepositoryCandidate:349) - Spring Data MongoDB - Could not safely identify store assignment for repository candidate interface com.example.back.repository.DairyRepository. If you want this repository to be a MongoDB repository, consider annotating your entities with one of these annotations: org.springframework.data.mongodb.core.mapping.Document (preferred), or consider extending one of the following types with your repository: org.springframework.data.mongodb.repository.MongoRepository.
INFO  2022-04-19 11:10:57,110 [restartedMain]  org.springframework.data.repository.config.RepositoryConfigurationExtensionSupport(isStrictRepositoryCandidate:349) - Spring Data MongoDB - Could not safely identify store assignment for repository candidate interface com.example.back.repository.UserRepository. If you want this repository to be a MongoDB repository, consider annotating your entities with one of these annotations: org.springframework.data.mongodb.core.mapping.Document (preferred), or consider extending one of the following types with your repository: org.springframework.data.mongodb.repository.MongoRepository.
INFO  2022-04-19 11:10:57,110 [restartedMain]  org.springframework.data.repository.config.RepositoryConfigurationDelegate(registerRepositoriesIn:201) - Finished Spring Data repository scanning in 5 ms. Found 0 MongoDB repository interfaces.
INFO  2022-04-19 11:10:57,494 [restartedMain]  org.springframework.boot.web.embedded.tomcat.TomcatWebServer(initialize:108) - Tomcat initialized with port(s): 8080 (http)
INFO  2022-04-19 11:10:57,556 [restartedMain]  org.springframework.boot.web.servlet.context.ServletWebServerApplicationContext(prepareWebApplicationContext:290) - Root WebApplicationContext: initialization completed in 1003 ms
INFO  2022-04-19 11:10:58,384 [restartedMain]  org.springframework.orm.jpa.LocalContainerEntityManagerFactoryBean(buildNativeEntityManagerFactory:437) - Initialized JPA EntityManagerFactory for persistence unit 'default'
WARN  2022-04-19 11:10:58,432 [restartedMain]  org.springframework.boot.autoconfigure.orm.jpa.JpaBaseConfiguration$JpaWebConfiguration(openEntityManagerInViewInterceptor:219) - spring.jpa.open-in-view is enabled by default. Therefore, database queries may be performed during view rendering. Explicitly configure spring.jpa.open-in-view to disable this warning
WARN  2022-04-19 11:10:58,658 [restartedMain]  org.springframework.boot.autoconfigure.security.servlet.UserDetailsServiceAutoConfiguration(getOrDeducePassword:87) - 

Using generated security password: 4fa04ca5-a07c-4a1f-970c-f6719d0d7e8f

This generated password is for development use only. Your security configuration must be updated before running your application in production.

INFO  2022-04-19 11:10:58,697 [restartedMain]  org.springframework.security.web.DefaultSecurityFilterChain(<init>:52) - Will not secure any request
WARN  2022-04-19 11:10:58,841 [restartedMain]  org.springframework.boot.autoconfigure.thymeleaf.ThymeleafAutoConfiguration$DefaultTemplateResolverConfiguration(checkTemplateLocationExists:104) - Cannot find template location: classpath:/templates/ (please add some templates or check your Thymeleaf configuration)
INFO  2022-04-19 11:10:59,063 [restartedMain]  org.springframework.boot.devtools.autoconfigure.OptionalLiveReloadServer(startServer:58) - LiveReload server is running on port 35729
INFO  2022-04-19 11:10:59,088 [restartedMain]  org.springframework.boot.web.embedded.tomcat.TomcatWebServer(start:220) - Tomcat started on port(s): 8080 (http) with context path ''
INFO  2022-04-19 11:11:07,221 [http-nio-8080-exec-1]  org.springframework.web.servlet.DispatcherServlet(initServletBean:525) - Initializing Servlet 'dispatcherServlet'
INFO  2022-04-19 11:11:07,222 [http-nio-8080-exec-1]  org.springframework.web.servlet.DispatcherServlet(initServletBean:547) - Completed initialization in 0 ms
INFO  2022-04-19 11:16:47,237 [SpringApplicationShutdownHook]  org.springframework.orm.jpa.LocalContainerEntityManagerFactoryBean(destroy:651) - Closing JPA EntityManagerFactory for persistence unit 'default'
ERROR 2022-04-19 11:16:50,038 [restartedMain]  org.springframework.boot.context.logging.LoggingApplicationListener(lambda$getLogLevelConfigurer$2:396) - Cannot set level 'INFO' for 'null'
INFO  2022-04-19 11:16:50,119 [restartedMain]  org.springframework.boot.devtools.env.DevToolsPropertyDefaultsPostProcessor(logTo:255) - Devtools property defaults active! Set 'spring.devtools.add-properties' to 'false' to disable
INFO  2022-04-19 11:16:50,119 [restartedMain]  org.springframework.boot.devtools.env.DevToolsPropertyDefaultsPostProcessor(logTo:255) - For additional web related logging consider setting the 'logging.level.web' property to 'DEBUG'
INFO  2022-04-19 11:16:50,602 [restartedMain]  org.springframework.data.repository.config.RepositoryConfigurationDelegate(multipleStoresDetected:262) - Multiple Spring Data modules found, entering strict repository configuration mode!
INFO  2022-04-19 11:16:50,602 [restartedMain]  org.springframework.data.repository.config.RepositoryConfigurationDelegate(registerRepositoriesIn:132) - Bootstrapping Spring Data JPA repositories in DEFAULT mode.
INFO  2022-04-19 11:16:50,636 [restartedMain]  org.springframework.data.repository.config.RepositoryConfigurationDelegate(registerRepositoriesIn:201) - Finished Spring Data repository scanning in 28 ms. Found 2 JPA repository interfaces.
INFO  2022-04-19 11:16:50,651 [restartedMain]  org.springframework.data.repository.config.RepositoryConfigurationDelegate(multipleStoresDetected:262) - Multiple Spring Data modules found, entering strict repository configuration mode!
INFO  2022-04-19 11:16:50,651 [restartedMain]  org.springframework.data.repository.config.RepositoryConfigurationDelegate(registerRepositoriesIn:132) - Bootstrapping Spring Data MongoDB repositories in DEFAULT mode.
INFO  2022-04-19 11:16:50,657 [restartedMain]  org.springframework.data.repository.config.RepositoryConfigurationExtensionSupport(isStrictRepositoryCandidate:349) - Spring Data MongoDB - Could not safely identify store assignment for repository candidate interface com.example.back.repository.DairyRepository. If you want this repository to be a MongoDB repository, consider annotating your entities with one of these annotations: org.springframework.data.mongodb.core.mapping.Document (preferred), or consider extending one of the following types with your repository: org.springframework.data.mongodb.repository.MongoRepository.
INFO  2022-04-19 11:16:50,657 [restartedMain]  org.springframework.data.repository.config.RepositoryConfigurationExtensionSupport(isStrictRepositoryCandidate:349) - Spring Data MongoDB - Could not safely identify store assignment for repository candidate interface com.example.back.repository.UserRepository. If you want this repository to be a MongoDB repository, consider annotating your entities with one of these annotations: org.springframework.data.mongodb.core.mapping.Document (preferred), or consider extending one of the following types with your repository: org.springframework.data.mongodb.repository.MongoRepository.
INFO  2022-04-19 11:16:50,658 [restartedMain]  org.springframework.data.repository.config.RepositoryConfigurationDelegate(registerRepositoriesIn:201) - Finished Spring Data repository scanning in 5 ms. Found 0 MongoDB repository interfaces.
INFO  2022-04-19 11:16:51,049 [restartedMain]  org.springframework.boot.web.embedded.tomcat.TomcatWebServer(initialize:108) - Tomcat initialized with port(s): 8080 (http)
INFO  2022-04-19 11:16:51,117 [restartedMain]  org.springframework.boot.web.servlet.context.ServletWebServerApplicationContext(prepareWebApplicationContext:290) - Root WebApplicationContext: initialization completed in 997 ms
INFO  2022-04-19 11:16:51,965 [restartedMain]  org.springframework.orm.jpa.LocalContainerEntityManagerFactoryBean(buildNativeEntityManagerFactory:437) - Initialized JPA EntityManagerFactory for persistence unit 'default'
WARN  2022-04-19 11:16:51,999 [restartedMain]  org.springframework.boot.autoconfigure.orm.jpa.JpaBaseConfiguration$JpaWebConfiguration(openEntityManagerInViewInterceptor:219) - spring.jpa.open-in-view is enabled by default. Therefore, database queries may be performed during view rendering. Explicitly configure spring.jpa.open-in-view to disable this warning
WARN  2022-04-19 11:16:52,277 [restartedMain]  org.springframework.boot.autoconfigure.security.servlet.UserDetailsServiceAutoConfiguration(getOrDeducePassword:87) - 

Using generated security password: 77b6c6b6-868b-4966-91de-779b5059f768

This generated password is for development use only. Your security configuration must be updated before running your application in production.

INFO  2022-04-19 11:16:52,319 [restartedMain]  org.springframework.security.web.DefaultSecurityFilterChain(<init>:52) - Will not secure any request
WARN  2022-04-19 11:16:52,490 [restartedMain]  org.springframework.boot.autoconfigure.thymeleaf.ThymeleafAutoConfiguration$DefaultTemplateResolverConfiguration(checkTemplateLocationExists:104) - Cannot find template location: classpath:/templates/ (please add some templates or check your Thymeleaf configuration)
INFO  2022-04-19 11:16:52,728 [restartedMain]  org.springframework.boot.devtools.autoconfigure.OptionalLiveReloadServer(startServer:58) - LiveReload server is running on port 35729
INFO  2022-04-19 11:16:52,751 [restartedMain]  org.springframework.boot.web.embedded.tomcat.TomcatWebServer(start:220) - Tomcat started on port(s): 8080 (http) with context path ''
INFO  2022-04-19 11:18:13,665 [http-nio-8080-exec-1]  org.springframework.web.servlet.DispatcherServlet(initServletBean:525) - Initializing Servlet 'dispatcherServlet'
INFO  2022-04-19 11:18:13,666 [http-nio-8080-exec-1]  org.springframework.web.servlet.DispatcherServlet(initServletBean:547) - Completed initialization in 1 ms
INFO  2022-04-19 11:19:00,711 [SpringApplicationShutdownHook]  org.springframework.orm.jpa.LocalContainerEntityManagerFactoryBean(destroy:651) - Closing JPA EntityManagerFactory for persistence unit 'default'
ERROR 2022-04-19 11:19:03,870 [restartedMain]  org.springframework.boot.context.logging.LoggingApplicationListener(lambda$getLogLevelConfigurer$2:396) - Cannot set level 'INFO' for 'null'
INFO  2022-04-19 11:19:03,950 [restartedMain]  org.springframework.boot.devtools.env.DevToolsPropertyDefaultsPostProcessor(logTo:255) - Devtools property defaults active! Set 'spring.devtools.add-properties' to 'false' to disable
INFO  2022-04-19 11:19:03,950 [restartedMain]  org.springframework.boot.devtools.env.DevToolsPropertyDefaultsPostProcessor(logTo:255) - For additional web related logging consider setting the 'logging.level.web' property to 'DEBUG'
INFO  2022-04-19 11:19:04,449 [restartedMain]  org.springframework.data.repository.config.RepositoryConfigurationDelegate(multipleStoresDetected:262) - Multiple Spring Data modules found, entering strict repository configuration mode!
INFO  2022-04-19 11:19:04,450 [restartedMain]  org.springframework.data.repository.config.RepositoryConfigurationDelegate(registerRepositoriesIn:132) - Bootstrapping Spring Data JPA repositories in DEFAULT mode.
INFO  2022-04-19 11:19:04,495 [restartedMain]  org.springframework.data.repository.config.RepositoryConfigurationDelegate(registerRepositoriesIn:201) - Finished Spring Data repository scanning in 40 ms. Found 2 JPA repository interfaces.
INFO  2022-04-19 11:19:04,515 [restartedMain]  org.springframework.data.repository.config.RepositoryConfigurationDelegate(multipleStoresDetected:262) - Multiple Spring Data modules found, entering strict repository configuration mode!
INFO  2022-04-19 11:19:04,515 [restartedMain]  org.springframework.data.repository.config.RepositoryConfigurationDelegate(registerRepositoriesIn:132) - Bootstrapping Spring Data MongoDB repositories in DEFAULT mode.
INFO  2022-04-19 11:19:04,520 [restartedMain]  org.springframework.data.repository.config.RepositoryConfigurationExtensionSupport(isStrictRepositoryCandidate:349) - Spring Data MongoDB - Could not safely identify store assignment for repository candidate interface com.example.back.repository.DairyRepository. If you want this repository to be a MongoDB repository, consider annotating your entities with one of these annotations: org.springframework.data.mongodb.core.mapping.Document (preferred), or consider extending one of the following types with your repository: org.springframework.data.mongodb.repository.MongoRepository.
INFO  2022-04-19 11:19:04,521 [restartedMain]  org.springframework.data.repository.config.RepositoryConfigurationExtensionSupport(isStrictRepositoryCandidate:349) - Spring Data MongoDB - Could not safely identify store assignment for repository candidate interface com.example.back.repository.UserRepository. If you want this repository to be a MongoDB repository, consider annotating your entities with one of these annotations: org.springframework.data.mongodb.core.mapping.Document (preferred), or consider extending one of the following types with your repository: org.springframework.data.mongodb.repository.MongoRepository.
INFO  2022-04-19 11:19:04,521 [restartedMain]  org.springframework.data.repository.config.RepositoryConfigurationDelegate(registerRepositoriesIn:201) - Finished Spring Data repository scanning in 5 ms. Found 0 MongoDB repository interfaces.
INFO  2022-04-19 11:19:04,939 [restartedMain]  org.springframework.boot.web.embedded.tomcat.TomcatWebServer(initialize:108) - Tomcat initialized with port(s): 8080 (http)
INFO  2022-04-19 11:19:04,998 [restartedMain]  org.springframework.boot.web.servlet.context.ServletWebServerApplicationContext(prepareWebApplicationContext:290) - Root WebApplicationContext: initialization completed in 1047 ms
INFO  2022-04-19 11:19:05,813 [restartedMain]  org.springframework.orm.jpa.LocalContainerEntityManagerFactoryBean(buildNativeEntityManagerFactory:437) - Initialized JPA EntityManagerFactory for persistence unit 'default'
WARN  2022-04-19 11:19:05,861 [restartedMain]  org.springframework.boot.autoconfigure.orm.jpa.JpaBaseConfiguration$JpaWebConfiguration(openEntityManagerInViewInterceptor:219) - spring.jpa.open-in-view is enabled by default. Therefore, database queries may be performed during view rendering. Explicitly configure spring.jpa.open-in-view to disable this warning
WARN  2022-04-19 11:19:06,087 [restartedMain]  org.springframework.boot.autoconfigure.security.servlet.UserDetailsServiceAutoConfiguration(getOrDeducePassword:87) - 

Using generated security password: 04ae1793-de7b-48f5-b71e-e58a7b7398d7

This generated password is for development use only. Your security configuration must be updated before running your application in production.

INFO  2022-04-19 11:19:06,126 [restartedMain]  org.springframework.security.web.DefaultSecurityFilterChain(<init>:52) - Will not secure any request
WARN  2022-04-19 11:19:06,274 [restartedMain]  org.springframework.boot.autoconfigure.thymeleaf.ThymeleafAutoConfiguration$DefaultTemplateResolverConfiguration(checkTemplateLocationExists:104) - Cannot find template location: classpath:/templates/ (please add some templates or check your Thymeleaf configuration)
INFO  2022-04-19 11:19:06,491 [restartedMain]  org.springframework.boot.devtools.autoconfigure.OptionalLiveReloadServer(startServer:58) - LiveReload server is running on port 35729
INFO  2022-04-19 11:19:06,514 [restartedMain]  org.springframework.boot.web.embedded.tomcat.TomcatWebServer(start:220) - Tomcat started on port(s): 8080 (http) with context path ''
INFO  2022-04-19 11:19:17,784 [http-nio-8080-exec-2]  org.springframework.web.servlet.DispatcherServlet(initServletBean:525) - Initializing Servlet 'dispatcherServlet'
INFO  2022-04-19 11:19:17,785 [http-nio-8080-exec-2]  org.springframework.web.servlet.DispatcherServlet(initServletBean:547) - Completed initialization in 1 ms
INFO  2022-04-19 11:22:47,944 [SpringApplicationShutdownHook]  org.springframework.orm.jpa.LocalContainerEntityManagerFactoryBean(destroy:651) - Closing JPA EntityManagerFactory for persistence unit 'default'
ERROR 2022-04-19 11:22:51,185 [restartedMain]  org.springframework.boot.context.logging.LoggingApplicationListener(lambda$getLogLevelConfigurer$2:396) - Cannot set level 'INFO' for 'null'
INFO  2022-04-19 11:22:51,259 [restartedMain]  org.springframework.boot.devtools.env.DevToolsPropertyDefaultsPostProcessor(logTo:255) - Devtools property defaults active! Set 'spring.devtools.add-properties' to 'false' to disable
INFO  2022-04-19 11:22:51,259 [restartedMain]  org.springframework.boot.devtools.env.DevToolsPropertyDefaultsPostProcessor(logTo:255) - For additional web related logging consider setting the 'logging.level.web' property to 'DEBUG'
INFO  2022-04-19 11:22:51,775 [restartedMain]  org.springframework.data.repository.config.RepositoryConfigurationDelegate(multipleStoresDetected:262) - Multiple Spring Data modules found, entering strict repository configuration mode!
INFO  2022-04-19 11:22:51,775 [restartedMain]  org.springframework.data.repository.config.RepositoryConfigurationDelegate(registerRepositoriesIn:132) - Bootstrapping Spring Data JPA repositories in DEFAULT mode.
INFO  2022-04-19 11:22:51,812 [restartedMain]  org.springframework.data.repository.config.RepositoryConfigurationDelegate(registerRepositoriesIn:201) - Finished Spring Data repository scanning in 31 ms. Found 2 JPA repository interfaces.
INFO  2022-04-19 11:22:51,829 [restartedMain]  org.springframework.data.repository.config.RepositoryConfigurationDelegate(multipleStoresDetected:262) - Multiple Spring Data modules found, entering strict repository configuration mode!
INFO  2022-04-19 11:22:51,830 [restartedMain]  org.springframework.data.repository.config.RepositoryConfigurationDelegate(registerRepositoriesIn:132) - Bootstrapping Spring Data MongoDB repositories in DEFAULT mode.
INFO  2022-04-19 11:22:51,835 [restartedMain]  org.springframework.data.repository.config.RepositoryConfigurationExtensionSupport(isStrictRepositoryCandidate:349) - Spring Data MongoDB - Could not safely identify store assignment for repository candidate interface com.example.back.repository.DairyRepository. If you want this repository to be a MongoDB repository, consider annotating your entities with one of these annotations: org.springframework.data.mongodb.core.mapping.Document (preferred), or consider extending one of the following types with your repository: org.springframework.data.mongodb.repository.MongoRepository.
INFO  2022-04-19 11:22:51,836 [restartedMain]  org.springframework.data.repository.config.RepositoryConfigurationExtensionSupport(isStrictRepositoryCandidate:349) - Spring Data MongoDB - Could not safely identify store assignment for repository candidate interface com.example.back.repository.UserRepository. If you want this repository to be a MongoDB repository, consider annotating your entities with one of these annotations: org.springframework.data.mongodb.core.mapping.Document (preferred), or consider extending one of the following types with your repository: org.springframework.data.mongodb.repository.MongoRepository.
INFO  2022-04-19 11:22:51,836 [restartedMain]  org.springframework.data.repository.config.RepositoryConfigurationDelegate(registerRepositoriesIn:201) - Finished Spring Data repository scanning in 6 ms. Found 0 MongoDB repository interfaces.
INFO  2022-04-19 11:22:52,235 [restartedMain]  org.springframework.boot.web.embedded.tomcat.TomcatWebServer(initialize:108) - Tomcat initialized with port(s): 8080 (http)
INFO  2022-04-19 11:22:52,296 [restartedMain]  org.springframework.boot.web.servlet.context.ServletWebServerApplicationContext(prepareWebApplicationContext:290) - Root WebApplicationContext: initialization completed in 1036 ms
INFO  2022-04-19 11:22:53,218 [restartedMain]  org.springframework.orm.jpa.LocalContainerEntityManagerFactoryBean(buildNativeEntityManagerFactory:437) - Initialized JPA EntityManagerFactory for persistence unit 'default'
WARN  2022-04-19 11:22:53,253 [restartedMain]  org.springframework.boot.autoconfigure.orm.jpa.JpaBaseConfiguration$JpaWebConfiguration(openEntityManagerInViewInterceptor:219) - spring.jpa.open-in-view is enabled by default. Therefore, database queries may be performed during view rendering. Explicitly configure spring.jpa.open-in-view to disable this warning
WARN  2022-04-19 11:22:53,496 [restartedMain]  org.springframework.boot.autoconfigure.security.servlet.UserDetailsServiceAutoConfiguration(getOrDeducePassword:87) - 

Using generated security password: 42875b09-afcf-423c-aef6-f573b04ec450

This generated password is for development use only. Your security configuration must be updated before running your application in production.

INFO  2022-04-19 11:22:53,542 [restartedMain]  org.springframework.security.web.DefaultSecurityFilterChain(<init>:52) - Will not secure any request
WARN  2022-04-19 11:22:53,704 [restartedMain]  org.springframework.boot.autoconfigure.thymeleaf.ThymeleafAutoConfiguration$DefaultTemplateResolverConfiguration(checkTemplateLocationExists:104) - Cannot find template location: classpath:/templates/ (please add some templates or check your Thymeleaf configuration)
INFO  2022-04-19 11:22:53,936 [restartedMain]  org.springframework.boot.devtools.autoconfigure.OptionalLiveReloadServer(startServer:58) - LiveReload server is running on port 35729
INFO  2022-04-19 11:22:53,961 [restartedMain]  org.springframework.boot.web.embedded.tomcat.TomcatWebServer(start:220) - Tomcat started on port(s): 8080 (http) with context path ''
INFO  2022-04-19 11:23:03,201 [http-nio-8080-exec-2]  org.springframework.web.servlet.DispatcherServlet(initServletBean:525) - Initializing Servlet 'dispatcherServlet'
INFO  2022-04-19 11:23:03,203 [http-nio-8080-exec-2]  org.springframework.web.servlet.DispatcherServlet(initServletBean:547) - Completed initialization in 2 ms
