2022-04-18 10:50:36,219 [restartedMain] ERROR org.springframework.boot.context.logging.LoggingApplicationListener(lambda$getLogLevelConfigurer$2:396) - Cannot set level 'INFO' for 'null'
2022-04-18 10:50:36,374 [restartedMain] INFO  org.springframework.boot.devtools.env.DevToolsPropertyDefaultsPostProcessor(logTo:255) - Devtools property defaults active! Set 'spring.devtools.add-properties' to 'false' to disable
2022-04-18 10:50:36,375 [restartedMain] INFO  org.springframework.boot.devtools.env.DevToolsPropertyDefaultsPostProcessor(logTo:255) - For additional web related logging consider setting the 'logging.level.web' property to 'DEBUG'
2022-04-18 10:50:37,319 [restartedMain] INFO  org.springframework.data.repository.config.RepositoryConfigurationDelegate(multipleStoresDetected:262) - Multiple Spring Data modules found, entering strict repository configuration mode!
2022-04-18 10:50:37,327 [restartedMain] INFO  org.springframework.data.repository.config.RepositoryConfigurationDelegate(registerRepositoriesIn:132) - Bootstrapping Spring Data JPA repositories in DEFAULT mode.
2022-04-18 10:50:37,404 [restartedMain] INFO  org.springframework.data.repository.config.RepositoryConfigurationDelegate(registerRepositoriesIn:201) - Finished Spring Data repository scanning in 64 ms. Found 2 JPA repository interfaces.
2022-04-18 10:50:37,439 [restartedMain] INFO  org.springframework.data.repository.config.RepositoryConfigurationDelegate(multipleStoresDetected:262) - Multiple Spring Data modules found, entering strict repository configuration mode!
2022-04-18 10:50:37,440 [restartedMain] INFO  org.springframework.data.repository.config.RepositoryConfigurationDelegate(registerRepositoriesIn:132) - Bootstrapping Spring Data MongoDB repositories in DEFAULT mode.
2022-04-18 10:50:37,448 [restartedMain] INFO  org.springframework.data.repository.config.RepositoryConfigurationExtensionSupport(isStrictRepositoryCandidate:349) - Spring Data MongoDB - Could not safely identify store assignment for repository candidate interface com.example.back.repository.DairyRepository. If you want this repository to be a MongoDB repository, consider annotating your entities with one of these annotations: org.springframework.data.mongodb.core.mapping.Document (preferred), or consider extending one of the following types with your repository: org.springframework.data.mongodb.repository.MongoRepository.
2022-04-18 10:50:37,449 [restartedMain] INFO  org.springframework.data.repository.config.RepositoryConfigurationExtensionSupport(isStrictRepositoryCandidate:349) - Spring Data MongoDB - Could not safely identify store assignment for repository candidate interface com.example.back.repository.UserRepository. If you want this repository to be a MongoDB repository, consider annotating your entities with one of these annotations: org.springframework.data.mongodb.core.mapping.Document (preferred), or consider extending one of the following types with your repository: org.springframework.data.mongodb.repository.MongoRepository.
2022-04-18 10:50:37,450 [restartedMain] INFO  org.springframework.data.repository.config.RepositoryConfigurationDelegate(registerRepositoriesIn:201) - Finished Spring Data repository scanning in 9 ms. Found 0 MongoDB repository interfaces.
2022-04-18 10:50:38,179 [restartedMain] INFO  org.springframework.boot.web.embedded.tomcat.TomcatWebServer(initialize:108) - Tomcat initialized with port(s): 8080 (http)
2022-04-18 10:50:38,327 [restartedMain] INFO  org.springframework.boot.web.servlet.context.ServletWebServerApplicationContext(prepareWebApplicationContext:290) - Root WebApplicationContext: initialization completed in 1951 ms
2022-04-18 10:50:39,490 [restartedMain] INFO  org.springframework.orm.jpa.LocalContainerEntityManagerFactoryBean(buildNativeEntityManagerFactory:437) - Initialized JPA EntityManagerFactory for persistence unit 'default'
2022-04-18 10:50:39,526 [restartedMain] WARN  org.springframework.boot.autoconfigure.orm.jpa.JpaBaseConfiguration$JpaWebConfiguration(openEntityManagerInViewInterceptor:219) - spring.jpa.open-in-view is enabled by default. Therefore, database queries may be performed during view rendering. Explicitly configure spring.jpa.open-in-view to disable this warning
2022-04-18 10:50:39,805 [restartedMain] WARN  org.springframework.boot.autoconfigure.security.servlet.UserDetailsServiceAutoConfiguration(getOrDeducePassword:87) - 

Using generated security password: ca1b7a67-6b94-4eca-b68f-5d18c2c0395e

This generated password is for development use only. Your security configuration must be updated before running your application in production.

2022-04-18 10:50:39,856 [restartedMain] INFO  org.springframework.security.web.DefaultSecurityFilterChain(<init>:52) - Will not secure any request
2022-04-18 10:50:40,289 [restartedMain] INFO  org.springframework.boot.devtools.autoconfigure.OptionalLiveReloadServer(startServer:58) - LiveReload server is running on port 35729
2022-04-18 10:50:40,315 [restartedMain] INFO  org.springframework.boot.web.embedded.tomcat.TomcatWebServer(start:220) - Tomcat started on port(s): 8080 (http) with context path ''
2022-04-18 10:54:16,474 [SpringApplicationShutdownHook] INFO  org.springframework.orm.jpa.LocalContainerEntityManagerFactoryBean(destroy:651) - Closing JPA EntityManagerFactory for persistence unit 'default'
2022-04-18 10:54:21,027 [restartedMain] ERROR org.springframework.boot.context.logging.LoggingApplicationListener(lambda$getLogLevelConfigurer$2:396) - Cannot set level 'INFO' for 'null'
2022-04-18 10:54:21,143 [restartedMain] INFO  org.springframework.boot.devtools.env.DevToolsPropertyDefaultsPostProcessor(logTo:255) - Devtools property defaults active! Set 'spring.devtools.add-properties' to 'false' to disable
2022-04-18 10:54:21,143 [restartedMain] INFO  org.springframework.boot.devtools.env.DevToolsPropertyDefaultsPostProcessor(logTo:255) - For additional web related logging consider setting the 'logging.level.web' property to 'DEBUG'
2022-04-18 10:54:21,944 [restartedMain] INFO  org.springframework.data.repository.config.RepositoryConfigurationDelegate(multipleStoresDetected:262) - Multiple Spring Data modules found, entering strict repository configuration mode!
2022-04-18 10:54:21,945 [restartedMain] INFO  org.springframework.data.repository.config.RepositoryConfigurationDelegate(registerRepositoriesIn:132) - Bootstrapping Spring Data JPA repositories in DEFAULT mode.
2022-04-18 10:54:22,015 [restartedMain] INFO  org.springframework.data.repository.config.RepositoryConfigurationDelegate(registerRepositoriesIn:201) - Finished Spring Data repository scanning in 59 ms. Found 2 JPA repository interfaces.
2022-04-18 10:54:22,044 [restartedMain] INFO  org.springframework.data.repository.config.RepositoryConfigurationDelegate(multipleStoresDetected:262) - Multiple Spring Data modules found, entering strict repository configuration mode!
2022-04-18 10:54:22,045 [restartedMain] INFO  org.springframework.data.repository.config.RepositoryConfigurationDelegate(registerRepositoriesIn:132) - Bootstrapping Spring Data MongoDB repositories in DEFAULT mode.
2022-04-18 10:54:22,053 [restartedMain] INFO  org.springframework.data.repository.config.RepositoryConfigurationExtensionSupport(isStrictRepositoryCandidate:349) - Spring Data MongoDB - Could not safely identify store assignment for repository candidate interface com.example.back.repository.DairyRepository. If you want this repository to be a MongoDB repository, consider annotating your entities with one of these annotations: org.springframework.data.mongodb.core.mapping.Document (preferred), or consider extending one of the following types with your repository: org.springframework.data.mongodb.repository.MongoRepository.
2022-04-18 10:54:22,054 [restartedMain] INFO  org.springframework.data.repository.config.RepositoryConfigurationExtensionSupport(isStrictRepositoryCandidate:349) - Spring Data MongoDB - Could not safely identify store assignment for repository candidate interface com.example.back.repository.UserRepository. If you want this repository to be a MongoDB repository, consider annotating your entities with one of these annotations: org.springframework.data.mongodb.core.mapping.Document (preferred), or consider extending one of the following types with your repository: org.springframework.data.mongodb.repository.MongoRepository.
2022-04-18 10:54:22,054 [restartedMain] INFO  org.springframework.data.repository.config.RepositoryConfigurationDelegate(registerRepositoriesIn:201) - Finished Spring Data repository scanning in 9 ms. Found 0 MongoDB repository interfaces.
2022-04-18 10:54:22,749 [restartedMain] INFO  org.springframework.boot.web.embedded.tomcat.TomcatWebServer(initialize:108) - Tomcat initialized with port(s): 8080 (http)
2022-04-18 10:54:22,865 [restartedMain] INFO  org.springframework.boot.web.servlet.context.ServletWebServerApplicationContext(prepareWebApplicationContext:290) - Root WebApplicationContext: initialization completed in 1721 ms
2022-04-18 10:54:23,847 [restartedMain] INFO  org.springframework.orm.jpa.LocalContainerEntityManagerFactoryBean(buildNativeEntityManagerFactory:437) - Initialized JPA EntityManagerFactory for persistence unit 'default'
2022-04-18 10:54:23,879 [restartedMain] WARN  org.springframework.boot.autoconfigure.orm.jpa.JpaBaseConfiguration$JpaWebConfiguration(openEntityManagerInViewInterceptor:219) - spring.jpa.open-in-view is enabled by default. Therefore, database queries may be performed during view rendering. Explicitly configure spring.jpa.open-in-view to disable this warning
2022-04-18 10:54:24,157 [restartedMain] WARN  org.springframework.boot.autoconfigure.security.servlet.UserDetailsServiceAutoConfiguration(getOrDeducePassword:87) - 

Using generated security password: c2054ff4-00f2-4e75-9ddc-9b94f8114b4b

This generated password is for development use only. Your security configuration must be updated before running your application in production.

2022-04-18 10:54:24,202 [restartedMain] INFO  org.springframework.security.web.DefaultSecurityFilterChain(<init>:52) - Will not secure any request
2022-04-18 10:54:24,591 [restartedMain] INFO  org.springframework.boot.devtools.autoconfigure.OptionalLiveReloadServer(startServer:58) - LiveReload server is running on port 35729
2022-04-18 10:54:24,615 [restartedMain] INFO  org.springframework.boot.web.embedded.tomcat.TomcatWebServer(start:220) - Tomcat started on port(s): 8080 (http) with context path ''
2022-04-18 10:55:20,738 [SpringApplicationShutdownHook] INFO  org.springframework.orm.jpa.LocalContainerEntityManagerFactoryBean(destroy:651) - Closing JPA EntityManagerFactory for persistence unit 'default'
ERROR 2022-04-18 10:55:23,580 [restartedMain]  org.springframework.boot.context.logging.LoggingApplicationListener(lambda$getLogLevelConfigurer$2:396) - Cannot set level 'INFO' for 'null'
INFO  2022-04-18 10:55:23,652 [restartedMain]  org.springframework.boot.devtools.env.DevToolsPropertyDefaultsPostProcessor(logTo:255) - Devtools property defaults active! Set 'spring.devtools.add-properties' to 'false' to disable
INFO  2022-04-18 10:55:23,652 [restartedMain]  org.springframework.boot.devtools.env.DevToolsPropertyDefaultsPostProcessor(logTo:255) - For additional web related logging consider setting the 'logging.level.web' property to 'DEBUG'
INFO  2022-04-18 10:55:24,121 [restartedMain]  org.springframework.data.repository.config.RepositoryConfigurationDelegate(multipleStoresDetected:262) - Multiple Spring Data modules found, entering strict repository configuration mode!
INFO  2022-04-18 10:55:24,121 [restartedMain]  org.springframework.data.repository.config.RepositoryConfigurationDelegate(registerRepositoriesIn:132) - Bootstrapping Spring Data JPA repositories in DEFAULT mode.
INFO  2022-04-18 10:55:24,159 [restartedMain]  org.springframework.data.repository.config.RepositoryConfigurationDelegate(registerRepositoriesIn:201) - Finished Spring Data repository scanning in 32 ms. Found 2 JPA repository interfaces.
INFO  2022-04-18 10:55:24,175 [restartedMain]  org.springframework.data.repository.config.RepositoryConfigurationDelegate(multipleStoresDetected:262) - Multiple Spring Data modules found, entering strict repository configuration mode!
INFO  2022-04-18 10:55:24,176 [restartedMain]  org.springframework.data.repository.config.RepositoryConfigurationDelegate(registerRepositoriesIn:132) - Bootstrapping Spring Data MongoDB repositories in DEFAULT mode.
INFO  2022-04-18 10:55:24,180 [restartedMain]  org.springframework.data.repository.config.RepositoryConfigurationExtensionSupport(isStrictRepositoryCandidate:349) - Spring Data MongoDB - Could not safely identify store assignment for repository candidate interface com.example.back.repository.DairyRepository. If you want this repository to be a MongoDB repository, consider annotating your entities with one of these annotations: org.springframework.data.mongodb.core.mapping.Document (preferred), or consider extending one of the following types with your repository: org.springframework.data.mongodb.repository.MongoRepository.
INFO  2022-04-18 10:55:24,181 [restartedMain]  org.springframework.data.repository.config.RepositoryConfigurationExtensionSupport(isStrictRepositoryCandidate:349) - Spring Data MongoDB - Could not safely identify store assignment for repository candidate interface com.example.back.repository.UserRepository. If you want this repository to be a MongoDB repository, consider annotating your entities with one of these annotations: org.springframework.data.mongodb.core.mapping.Document (preferred), or consider extending one of the following types with your repository: org.springframework.data.mongodb.repository.MongoRepository.
INFO  2022-04-18 10:55:24,181 [restartedMain]  org.springframework.data.repository.config.RepositoryConfigurationDelegate(registerRepositoriesIn:201) - Finished Spring Data repository scanning in 5 ms. Found 0 MongoDB repository interfaces.
INFO  2022-04-18 10:55:24,581 [restartedMain]  org.springframework.boot.web.embedded.tomcat.TomcatWebServer(initialize:108) - Tomcat initialized with port(s): 8080 (http)
INFO  2022-04-18 10:55:24,649 [restartedMain]  org.springframework.boot.web.servlet.context.ServletWebServerApplicationContext(prepareWebApplicationContext:290) - Root WebApplicationContext: initialization completed in 995 ms
INFO  2022-04-18 10:55:25,522 [restartedMain]  org.springframework.orm.jpa.LocalContainerEntityManagerFactoryBean(buildNativeEntityManagerFactory:437) - Initialized JPA EntityManagerFactory for persistence unit 'default'
WARN  2022-04-18 10:55:25,555 [restartedMain]  org.springframework.boot.autoconfigure.orm.jpa.JpaBaseConfiguration$JpaWebConfiguration(openEntityManagerInViewInterceptor:219) - spring.jpa.open-in-view is enabled by default. Therefore, database queries may be performed during view rendering. Explicitly configure spring.jpa.open-in-view to disable this warning
WARN  2022-04-18 10:55:25,806 [restartedMain]  org.springframework.boot.autoconfigure.security.servlet.UserDetailsServiceAutoConfiguration(getOrDeducePassword:87) - 

Using generated security password: 25714657-cd55-4ffa-bc0a-ffb13a37e7d7

This generated password is for development use only. Your security configuration must be updated before running your application in production.

INFO  2022-04-18 10:55:25,849 [restartedMain]  org.springframework.security.web.DefaultSecurityFilterChain(<init>:52) - Will not secure any request
INFO  2022-04-18 10:55:26,239 [restartedMain]  org.springframework.boot.devtools.autoconfigure.OptionalLiveReloadServer(startServer:58) - LiveReload server is running on port 35729
INFO  2022-04-18 10:55:26,267 [restartedMain]  org.springframework.boot.web.embedded.tomcat.TomcatWebServer(start:220) - Tomcat started on port(s): 8080 (http) with context path ''
INFO  2022-04-18 10:56:32,804 [SpringApplicationShutdownHook]  org.springframework.orm.jpa.LocalContainerEntityManagerFactoryBean(destroy:651) - Closing JPA EntityManagerFactory for persistence unit 'default'
ERROR 2022-04-18 10:56:35,604 [restartedMain]  org.springframework.boot.context.logging.LoggingApplicationListener(lambda$getLogLevelConfigurer$2:396) - Cannot set level 'INFO' for 'null'
INFO  2022-04-18 10:56:35,680 [restartedMain]  org.springframework.boot.devtools.env.DevToolsPropertyDefaultsPostProcessor(logTo:255) - Devtools property defaults active! Set 'spring.devtools.add-properties' to 'false' to disable
INFO  2022-04-18 10:56:35,681 [restartedMain]  org.springframework.boot.devtools.env.DevToolsPropertyDefaultsPostProcessor(logTo:255) - For additional web related logging consider setting the 'logging.level.web' property to 'DEBUG'
INFO  2022-04-18 10:56:36,172 [restartedMain]  org.springframework.data.repository.config.RepositoryConfigurationDelegate(multipleStoresDetected:262) - Multiple Spring Data modules found, entering strict repository configuration mode!
INFO  2022-04-18 10:56:36,172 [restartedMain]  org.springframework.data.repository.config.RepositoryConfigurationDelegate(registerRepositoriesIn:132) - Bootstrapping Spring Data JPA repositories in DEFAULT mode.
INFO  2022-04-18 10:56:36,211 [restartedMain]  org.springframework.data.repository.config.RepositoryConfigurationDelegate(registerRepositoriesIn:201) - Finished Spring Data repository scanning in 33 ms. Found 2 JPA repository interfaces.
INFO  2022-04-18 10:56:36,228 [restartedMain]  org.springframework.data.repository.config.RepositoryConfigurationDelegate(multipleStoresDetected:262) - Multiple Spring Data modules found, entering strict repository configuration mode!
INFO  2022-04-18 10:56:36,228 [restartedMain]  org.springframework.data.repository.config.RepositoryConfigurationDelegate(registerRepositoriesIn:132) - Bootstrapping Spring Data MongoDB repositories in DEFAULT mode.
INFO  2022-04-18 10:56:36,232 [restartedMain]  org.springframework.data.repository.config.RepositoryConfigurationExtensionSupport(isStrictRepositoryCandidate:349) - Spring Data MongoDB - Could not safely identify store assignment for repository candidate interface com.example.back.repository.DairyRepository. If you want this repository to be a MongoDB repository, consider annotating your entities with one of these annotations: org.springframework.data.mongodb.core.mapping.Document (preferred), or consider extending one of the following types with your repository: org.springframework.data.mongodb.repository.MongoRepository.
INFO  2022-04-18 10:56:36,233 [restartedMain]  org.springframework.data.repository.config.RepositoryConfigurationExtensionSupport(isStrictRepositoryCandidate:349) - Spring Data MongoDB - Could not safely identify store assignment for repository candidate interface com.example.back.repository.UserRepository. If you want this repository to be a MongoDB repository, consider annotating your entities with one of these annotations: org.springframework.data.mongodb.core.mapping.Document (preferred), or consider extending one of the following types with your repository: org.springframework.data.mongodb.repository.MongoRepository.
INFO  2022-04-18 10:56:36,233 [restartedMain]  org.springframework.data.repository.config.RepositoryConfigurationDelegate(registerRepositoriesIn:201) - Finished Spring Data repository scanning in 5 ms. Found 0 MongoDB repository interfaces.
INFO  2022-04-18 10:56:36,636 [restartedMain]  org.springframework.boot.web.embedded.tomcat.TomcatWebServer(initialize:108) - Tomcat initialized with port(s): 8080 (http)
INFO  2022-04-18 10:56:36,725 [restartedMain]  org.springframework.boot.web.servlet.context.ServletWebServerApplicationContext(prepareWebApplicationContext:290) - Root WebApplicationContext: initialization completed in 1044 ms
INFO  2022-04-18 10:56:37,610 [restartedMain]  org.springframework.orm.jpa.LocalContainerEntityManagerFactoryBean(buildNativeEntityManagerFactory:437) - Initialized JPA EntityManagerFactory for persistence unit 'default'
WARN  2022-04-18 10:56:37,643 [restartedMain]  org.springframework.boot.autoconfigure.orm.jpa.JpaBaseConfiguration$JpaWebConfiguration(openEntityManagerInViewInterceptor:219) - spring.jpa.open-in-view is enabled by default. Therefore, database queries may be performed during view rendering. Explicitly configure spring.jpa.open-in-view to disable this warning
WARN  2022-04-18 10:56:37,908 [restartedMain]  org.springframework.boot.autoconfigure.security.servlet.UserDetailsServiceAutoConfiguration(getOrDeducePassword:87) - 

Using generated security password: 4b9df2dc-e5bd-42ab-acc3-fce30fcf363d

This generated password is for development use only. Your security configuration must be updated before running your application in production.

INFO  2022-04-18 10:56:37,956 [restartedMain]  org.springframework.security.web.DefaultSecurityFilterChain(<init>:52) - Will not secure any request
INFO  2022-04-18 10:56:38,351 [restartedMain]  org.springframework.boot.devtools.autoconfigure.OptionalLiveReloadServer(startServer:58) - LiveReload server is running on port 35729
INFO  2022-04-18 10:56:38,376 [restartedMain]  org.springframework.boot.web.embedded.tomcat.TomcatWebServer(start:220) - Tomcat started on port(s): 8080 (http) with context path ''
ERROR 2022-04-19 09:43:33,810 [restartedMain]  org.springframework.boot.context.logging.LoggingApplicationListener(lambda$getLogLevelConfigurer$2:396) - Cannot set level 'INFO' for 'null'
INFO  2022-04-19 09:43:33,880 [restartedMain]  org.springframework.boot.devtools.env.DevToolsPropertyDefaultsPostProcessor(logTo:255) - Devtools property defaults active! Set 'spring.devtools.add-properties' to 'false' to disable
INFO  2022-04-19 09:43:33,880 [restartedMain]  org.springframework.boot.devtools.env.DevToolsPropertyDefaultsPostProcessor(logTo:255) - For additional web related logging consider setting the 'logging.level.web' property to 'DEBUG'
INFO  2022-04-19 09:43:34,363 [restartedMain]  org.springframework.data.repository.config.RepositoryConfigurationDelegate(multipleStoresDetected:262) - Multiple Spring Data modules found, entering strict repository configuration mode!
INFO  2022-04-19 09:43:34,363 [restartedMain]  org.springframework.data.repository.config.RepositoryConfigurationDelegate(registerRepositoriesIn:132) - Bootstrapping Spring Data JPA repositories in DEFAULT mode.
INFO  2022-04-19 09:43:34,409 [restartedMain]  org.springframework.data.repository.config.RepositoryConfigurationDelegate(registerRepositoriesIn:201) - Finished Spring Data repository scanning in 40 ms. Found 2 JPA repository interfaces.
INFO  2022-04-19 09:43:34,428 [restartedMain]  org.springframework.data.repository.config.RepositoryConfigurationDelegate(multipleStoresDetected:262) - Multiple Spring Data modules found, entering strict repository configuration mode!
INFO  2022-04-19 09:43:34,429 [restartedMain]  org.springframework.data.repository.config.RepositoryConfigurationDelegate(registerRepositoriesIn:132) - Bootstrapping Spring Data MongoDB repositories in DEFAULT mode.
INFO  2022-04-19 09:43:34,434 [restartedMain]  org.springframework.data.repository.config.RepositoryConfigurationExtensionSupport(isStrictRepositoryCandidate:349) - Spring Data MongoDB - Could not safely identify store assignment for repository candidate interface com.example.back.repository.DairyRepository. If you want this repository to be a MongoDB repository, consider annotating your entities with one of these annotations: org.springframework.data.mongodb.core.mapping.Document (preferred), or consider extending one of the following types with your repository: org.springframework.data.mongodb.repository.MongoRepository.
INFO  2022-04-19 09:43:34,435 [restartedMain]  org.springframework.data.repository.config.RepositoryConfigurationExtensionSupport(isStrictRepositoryCandidate:349) - Spring Data MongoDB - Could not safely identify store assignment for repository candidate interface com.example.back.repository.UserRepository. If you want this repository to be a MongoDB repository, consider annotating your entities with one of these annotations: org.springframework.data.mongodb.core.mapping.Document (preferred), or consider extending one of the following types with your repository: org.springframework.data.mongodb.repository.MongoRepository.
INFO  2022-04-19 09:43:34,435 [restartedMain]  org.springframework.data.repository.config.RepositoryConfigurationDelegate(registerRepositoriesIn:201) - Finished Spring Data repository scanning in 6 ms. Found 0 MongoDB repository interfaces.
INFO  2022-04-19 09:43:34,841 [restartedMain]  org.springframework.boot.web.embedded.tomcat.TomcatWebServer(initialize:108) - Tomcat initialized with port(s): 8080 (http)
INFO  2022-04-19 09:43:34,905 [restartedMain]  org.springframework.boot.web.servlet.context.ServletWebServerApplicationContext(prepareWebApplicationContext:290) - Root WebApplicationContext: initialization completed in 1024 ms
INFO  2022-04-19 09:43:35,909 [restartedMain]  org.springframework.orm.jpa.LocalContainerEntityManagerFactoryBean(buildNativeEntityManagerFactory:437) - Initialized JPA EntityManagerFactory for persistence unit 'default'
WARN  2022-04-19 09:43:35,967 [restartedMain]  org.springframework.boot.autoconfigure.orm.jpa.JpaBaseConfiguration$JpaWebConfiguration(openEntityManagerInViewInterceptor:219) - spring.jpa.open-in-view is enabled by default. Therefore, database queries may be performed during view rendering. Explicitly configure spring.jpa.open-in-view to disable this warning
WARN  2022-04-19 09:43:36,216 [restartedMain]  org.springframework.boot.autoconfigure.security.servlet.UserDetailsServiceAutoConfiguration(getOrDeducePassword:87) - 

Using generated security password: c74af8f1-d205-4115-9b8c-e0ce418676ed

This generated password is for development use only. Your security configuration must be updated before running your application in production.

INFO  2022-04-19 09:43:36,263 [restartedMain]  org.springframework.security.web.DefaultSecurityFilterChain(<init>:52) - Will not secure any request
WARN  2022-04-19 09:43:36,421 [restartedMain]  org.springframework.boot.autoconfigure.thymeleaf.ThymeleafAutoConfiguration$DefaultTemplateResolverConfiguration(checkTemplateLocationExists:104) - Cannot find template location: classpath:/templates/ (please add some templates or check your Thymeleaf configuration)
INFO  2022-04-19 09:43:36,659 [restartedMain]  org.springframework.boot.devtools.autoconfigure.OptionalLiveReloadServer(startServer:58) - LiveReload server is running on port 35729
INFO  2022-04-19 09:43:36,687 [restartedMain]  org.springframework.boot.web.embedded.tomcat.TomcatWebServer(start:220) - Tomcat started on port(s): 8080 (http) with context path ''
INFO  2022-04-19 09:43:55,053 [http-nio-8080-exec-1]  org.springframework.web.servlet.DispatcherServlet(initServletBean:525) - Initializing Servlet 'dispatcherServlet'
INFO  2022-04-19 09:43:55,054 [http-nio-8080-exec-1]  org.springframework.web.servlet.DispatcherServlet(initServletBean:547) - Completed initialization in 1 ms
INFO  2022-04-19 09:45:06,090 [SpringApplicationShutdownHook]  org.springframework.orm.jpa.LocalContainerEntityManagerFactoryBean(destroy:651) - Closing JPA EntityManagerFactory for persistence unit 'default'
ERROR 2022-04-19 09:45:08,509 [restartedMain]  org.springframework.boot.context.logging.LoggingApplicationListener(lambda$getLogLevelConfigurer$2:396) - Cannot set level 'INFO' for 'null'
INFO  2022-04-19 09:45:08,585 [restartedMain]  org.springframework.boot.devtools.env.DevToolsPropertyDefaultsPostProcessor(logTo:255) - Devtools property defaults active! Set 'spring.devtools.add-properties' to 'false' to disable
INFO  2022-04-19 09:45:08,585 [restartedMain]  org.springframework.boot.devtools.env.DevToolsPropertyDefaultsPostProcessor(logTo:255) - For additional web related logging consider setting the 'logging.level.web' property to 'DEBUG'
INFO  2022-04-19 09:45:09,071 [restartedMain]  org.springframework.data.repository.config.RepositoryConfigurationDelegate(multipleStoresDetected:262) - Multiple Spring Data modules found, entering strict repository configuration mode!
INFO  2022-04-19 09:45:09,072 [restartedMain]  org.springframework.data.repository.config.RepositoryConfigurationDelegate(registerRepositoriesIn:132) - Bootstrapping Spring Data JPA repositories in DEFAULT mode.
INFO  2022-04-19 09:45:09,107 [restartedMain]  org.springframework.data.repository.config.RepositoryConfigurationDelegate(registerRepositoriesIn:201) - Finished Spring Data repository scanning in 30 ms. Found 2 JPA repository interfaces.
INFO  2022-04-19 09:45:09,125 [restartedMain]  org.springframework.data.repository.config.RepositoryConfigurationDelegate(multipleStoresDetected:262) - Multiple Spring Data modules found, entering strict repository configuration mode!
INFO  2022-04-19 09:45:09,126 [restartedMain]  org.springframework.data.repository.config.RepositoryConfigurationDelegate(registerRepositoriesIn:132) - Bootstrapping Spring Data MongoDB repositories in DEFAULT mode.
INFO  2022-04-19 09:45:09,131 [restartedMain]  org.springframework.data.repository.config.RepositoryConfigurationExtensionSupport(isStrictRepositoryCandidate:349) - Spring Data MongoDB - Could not safely identify store assignment for repository candidate interface com.example.back.repository.DairyRepository. If you want this repository to be a MongoDB repository, consider annotating your entities with one of these annotations: org.springframework.data.mongodb.core.mapping.Document (preferred), or consider extending one of the following types with your repository: org.springframework.data.mongodb.repository.MongoRepository.
INFO  2022-04-19 09:45:09,132 [restartedMain]  org.springframework.data.repository.config.RepositoryConfigurationExtensionSupport(isStrictRepositoryCandidate:349) - Spring Data MongoDB - Could not safely identify store assignment for repository candidate interface com.example.back.repository.UserRepository. If you want this repository to be a MongoDB repository, consider annotating your entities with one of these annotations: org.springframework.data.mongodb.core.mapping.Document (preferred), or consider extending one of the following types with your repository: org.springframework.data.mongodb.repository.MongoRepository.
INFO  2022-04-19 09:45:09,132 [restartedMain]  org.springframework.data.repository.config.RepositoryConfigurationDelegate(registerRepositoriesIn:201) - Finished Spring Data repository scanning in 6 ms. Found 0 MongoDB repository interfaces.
INFO  2022-04-19 09:45:09,515 [restartedMain]  org.springframework.boot.web.embedded.tomcat.TomcatWebServer(initialize:108) - Tomcat initialized with port(s): 8080 (http)
INFO  2022-04-19 09:45:09,579 [restartedMain]  org.springframework.boot.web.servlet.context.ServletWebServerApplicationContext(prepareWebApplicationContext:290) - Root WebApplicationContext: initialization completed in 993 ms
INFO  2022-04-19 09:45:10,636 [restartedMain]  org.springframework.orm.jpa.LocalContainerEntityManagerFactoryBean(buildNativeEntityManagerFactory:437) - Initialized JPA EntityManagerFactory for persistence unit 'default'
WARN  2022-04-19 09:45:10,671 [restartedMain]  org.springframework.boot.autoconfigure.orm.jpa.JpaBaseConfiguration$JpaWebConfiguration(openEntityManagerInViewInterceptor:219) - spring.jpa.open-in-view is enabled by default. Therefore, database queries may be performed during view rendering. Explicitly configure spring.jpa.open-in-view to disable this warning
WARN  2022-04-19 09:45:10,928 [restartedMain]  org.springframework.boot.autoconfigure.security.servlet.UserDetailsServiceAutoConfiguration(getOrDeducePassword:87) - 

Using generated security password: efab7f39-fc09-463b-b4a7-2249fe624cac

This generated password is for development use only. Your security configuration must be updated before running your application in production.

INFO  2022-04-19 09:45:10,968 [restartedMain]  org.springframework.security.web.DefaultSecurityFilterChain(<init>:52) - Will not secure any request
WARN  2022-04-19 09:45:11,136 [restartedMain]  org.springframework.boot.autoconfigure.thymeleaf.ThymeleafAutoConfiguration$DefaultTemplateResolverConfiguration(checkTemplateLocationExists:104) - Cannot find template location: classpath:/templates/ (please add some templates or check your Thymeleaf configuration)
INFO  2022-04-19 09:45:11,372 [restartedMain]  org.springframework.boot.devtools.autoconfigure.OptionalLiveReloadServer(startServer:58) - LiveReload server is running on port 35729
INFO  2022-04-19 09:45:11,395 [restartedMain]  org.springframework.boot.web.embedded.tomcat.TomcatWebServer(start:220) - Tomcat started on port(s): 8080 (http) with context path ''
INFO  2022-04-19 09:45:17,059 [http-nio-8080-exec-2]  org.springframework.web.servlet.DispatcherServlet(initServletBean:525) - Initializing Servlet 'dispatcherServlet'
INFO  2022-04-19 09:45:17,060 [http-nio-8080-exec-2]  org.springframework.web.servlet.DispatcherServlet(initServletBean:547) - Completed initialization in 1 ms
